<?xml version="1.0" encoding="utf-8"?><testsuites name="pytest tests"><testsuite name="pytest" errors="0" failures="0" skipped="0" tests="14" time="14.802" timestamp="2026-02-24T12:15:48.004693+00:00" hostname="agent-env-593f06e3-d929-4a71-a0bb-51b98a054b9e"><testcase classname="backend.tests.test_webhooks_platforms.TestWebhookConfigs" name="test_get_webhook_configs" time="1.196" /><testcase classname="backend.tests.test_webhooks_platforms.TestWebhookConfigs" name="test_get_webhook_stats" time="0.511" /><testcase classname="backend.tests.test_webhooks_platforms.TestWebhookConfigs" name="test_create_webhook_config" time="1.177" /><testcase classname="backend.tests.test_webhooks_platforms.TestWebhookConfigs" name="test_create_webhook_invalid_store" time="0.407" /><testcase classname="backend.tests.test_webhooks_platforms.TestWebhookConfigs" name="test_webhook_crud_flow" time="2.851" /><testcase classname="backend.tests.test_webhooks_platforms.TestWebhookEvents" name="test_get_webhook_events" time="0.395" /><testcase classname="backend.tests.test_webhooks_platforms.TestWebhookReceiver" name="test_receive_webhook_invalid_config" time="0.394" /><testcase classname="backend.tests.test_webhooks_platforms.TestWebhookReceiver" name="test_receive_webhook_valid" time="1.176" /><testcase classname="backend.tests.test_webhooks_platforms.TestPlatformIntegrations" name="test_prestashop_store_connection_test" time="1.273" /><testcase classname="backend.tests.test_webhooks_platforms.TestPlatformIntegrations" name="test_shopify_store_connection_test" time="1.495" /><testcase classname="backend.tests.test_webhooks_platforms.TestPlatformIntegrations" name="test_magento_store_connection_test" time="1.205" /><testcase classname="backend.tests.test_webhooks_platforms.TestPlatformIntegrations" name="test_wix_store_connection_test" time="1.434" /><testcase classname="backend.tests.test_webhooks_platforms.TestAuthRequired" name="test_webhook_configs_requires_auth" time="0.421" /><testcase classname="backend.tests.test_webhooks_platforms.TestAuthRequired" name="test_webhook_stats_requires_auth" time="0.795" /></testsuite></testsuites>