<?xml version="1.0" encoding="utf-8"?><testsuites name="pytest tests"><testsuite name="pytest" errors="0" failures="0" skipped="1" tests="15" time="7.125" timestamp="2026-03-06T10:34:16.211550+00:00" hostname="agent-env-8ed24ac8-c2e1-4403-88ac-7f9b7b9100dd"><testcase classname="backend.tests.test_woocommerce_dolibarr_bugfixes.TestAuthSetup" name="test_login_success" time="0.386" /><testcase classname="backend.tests.test_woocommerce_dolibarr_bugfixes.TestWooCommerceExportBugFixes" name="test_woocommerce_config_exists" time="0.399" /><testcase classname="backend.tests.test_woocommerce_dolibarr_bugfixes.TestWooCommerceExportBugFixes" name="test_export_endpoint_requires_auth" time="0.426" /><testcase classname="backend.tests.test_woocommerce_dolibarr_bugfixes.TestWooCommerceExportBugFixes" name="test_export_endpoint_validates_config" time="0.412" /><testcase classname="backend.tests.test_woocommerce_dolibarr_bugfixes.TestWooCommerceExportBugFixes" name="test_export_structure_includes_expected_fields" time="0.387"><skipped type="pytest.skip" message="No configs available">/app/backend/tests/test_woocommerce_dolibarr_bugfixes.py:140: No configs available</skipped></testcase><testcase classname="backend.tests.test_woocommerce_dolibarr_bugfixes.TestDolibarrSyncBugFixes" name="test_crm_connections_endpoint_works" time="0.410" /><testcase classname="backend.tests.test_woocommerce_dolibarr_bugfixes.TestDolibarrSyncBugFixes" name="test_sync_endpoint_requires_auth" time="0.403" /><testcase classname="backend.tests.test_woocommerce_dolibarr_bugfixes.TestDolibarrSyncBugFixes" name="test_sync_endpoint_validates_connection" time="0.439" /><testcase classname="backend.tests.test_woocommerce_dolibarr_bugfixes.TestDolibarrSyncBugFixes" name="test_sync_types_accepted" time="0.984" /><testcase classname="backend.tests.test_woocommerce_dolibarr_bugfixes.TestDolibarrSyncBugFixes" name="test_sync_settings_structure" time="0.490" /><testcase classname="backend.tests.test_woocommerce_dolibarr_bugfixes.TestDolibarrSyncBugFixes" name="test_test_connection_endpoint" time="0.492" /><testcase classname="backend.tests.test_woocommerce_dolibarr_bugfixes.TestCodeImplementationVerification" name="test_woocommerce_export_returns_category_info" time="0.389" /><testcase classname="backend.tests.test_woocommerce_dolibarr_bugfixes.TestCodeImplementationVerification" name="test_dolibarr_sync_returns_detailed_results" time="0.625" /><testcase classname="backend.tests.test_woocommerce_dolibarr_bugfixes.TestCleanup" name="test_cleanup_test_connections" time="0.402" /><testcase classname="backend.tests.test_woocommerce_dolibarr_bugfixes.TestCleanup" name="test_cleanup_test_woo_configs" time="0.395" /></testsuite></testsuites>