<?xml version="1.0" encoding="utf-8"?><testsuites name="pytest tests"><testsuite name="pytest" errors="0" failures="0" skipped="0" tests="11" time="15.229" timestamp="2026-03-04T15:34:10.252259+00:00" hostname="agent-env-18bc6161-2057-4cbe-b06b-6219e0867b76"><testcase classname="backend.tests.test_system_reset.TestSystemResetEndpoint" name="test_reset_rejects_empty_confirmation" time="1.169" /><testcase classname="backend.tests.test_system_reset.TestSystemResetEndpoint" name="test_reset_rejects_wrong_confirmation" time="2.971" /><testcase classname="backend.tests.test_system_reset.TestSystemResetEndpoint" name="test_reset_requires_authentication" time="1.074" /><testcase classname="backend.tests.test_system_reset.TestSystemResetEndpoint" name="test_reset_requires_superadmin_role" time="1.534" /><testcase classname="backend.tests.test_system_reset.TestSystemResetEndpoint" name="test_reset_success_with_correct_confirmation" time="1.509" /><testcase classname="backend.tests.test_system_reset.TestSystemResetEndpoint" name="test_users_preserved_after_reset" time="1.027" /><testcase classname="backend.tests.test_system_reset.TestSystemResetEndpoint" name="test_can_still_authenticate_after_reset" time="1.324" /><testcase classname="backend.tests.test_system_reset.TestSystemResetEdgeCases" name="test_reset_with_missing_field" time="1.169" /><testcase classname="backend.tests.test_system_reset.TestSystemResetEdgeCases" name="test_reset_with_null_confirmation" time="0.989" /><testcase classname="backend.tests.test_system_reset.TestSystemResetEdgeCases" name="test_reset_case_sensitive" time="1.366" /><testcase classname="backend.tests.test_system_reset.TestSystemResetEdgeCases" name="test_reset_with_whitespace" time="1.034" /></testsuite></testsuites>