<?xml version="1.0" encoding="utf-8"?><testsuites name="pytest tests"><testsuite name="pytest" errors="0" failures="0" skipped="0" tests="16" time="9.575" timestamp="2026-02-24T12:00:23.709262+00:00" hostname="agent-env-593f06e3-d929-4a71-a0bb-51b98a054b9e"><testcase classname="backend.tests.test_stores_multiplatform.TestStoresMultiplatform" name="test_get_stores_configs_empty" time="1.231" /><testcase classname="backend.tests.test_stores_multiplatform.TestStoresMultiplatform" name="test_create_woocommerce_store" time="0.493" /><testcase classname="backend.tests.test_stores_multiplatform.TestStoresMultiplatform" name="test_create_prestashop_store" time="0.680" /><testcase classname="backend.tests.test_stores_multiplatform.TestStoresMultiplatform" name="test_create_shopify_store" time="0.419" /><testcase classname="backend.tests.test_stores_multiplatform.TestStoresMultiplatform" name="test_create_wix_store" time="0.408" /><testcase classname="backend.tests.test_stores_multiplatform.TestStoresMultiplatform" name="test_create_magento_store" time="0.413" /><testcase classname="backend.tests.test_stores_multiplatform.TestStoresMultiplatform" name="test_get_stores_after_creation" time="0.437" /><testcase classname="backend.tests.test_stores_multiplatform.TestStoresMultiplatform" name="test_validation_missing_required_fields" time="0.408" /><testcase classname="backend.tests.test_stores_multiplatform.TestStoresMultiplatform" name="test_validation_invalid_platform" time="0.407" /><testcase classname="backend.tests.test_stores_multiplatform.TestStoresMultiplatform" name="test_get_single_store_config" time="0.423" /><testcase classname="backend.tests.test_stores_multiplatform.TestStoresMultiplatform" name="test_update_store_config" time="0.439" /><testcase classname="backend.tests.test_stores_multiplatform.TestStoresMultiplatform" name="test_test_connection_woocommerce" time="0.462" /><testcase classname="backend.tests.test_stores_multiplatform.TestStoresMultiplatform" name="test_test_connection_demo_platforms" time="0.426" /><testcase classname="backend.tests.test_stores_multiplatform.TestStoresMultiplatform" name="test_cleanup_stores" time="2.061" /><testcase classname="backend.tests.test_stores_multiplatform.TestStoresUnauthorized" name="test_get_stores_unauthorized" time="0.385" /><testcase classname="backend.tests.test_stores_multiplatform.TestStoresUnauthorized" name="test_create_store_unauthorized" time="0.409" /></testsuite></testsuites>