<?xml version="1.0" encoding="utf-8"?><testsuites name="pytest tests"><testsuite name="pytest" errors="0" failures="0" skipped="0" tests="13" time="26.865" timestamp="2026-03-06T09:12:36.257894+00:00" hostname="agent-env-e799cb65-3898-4888-a8ba-31ec874b6a70"><testcase classname="backend.tests.test_crm_auto_sync.TestCRMAutoSyncAPI" name="test_get_auto_sync_permissions_returns_enabled_and_intervals" time="1.819" /><testcase classname="backend.tests.test_crm_auto_sync.TestCRMAutoSyncAPI" name="test_auto_sync_permissions_requires_auth" time="1.439" /><testcase classname="backend.tests.test_crm_auto_sync.TestCRMAutoSyncAPI" name="test_create_connection_with_auto_sync_disabled" time="1.790" /><testcase classname="backend.tests.test_crm_auto_sync.TestCRMAutoSyncAPI" name="test_create_connection_with_auto_sync_enabled" time="1.766" /><testcase classname="backend.tests.test_crm_auto_sync.TestCRMAutoSyncAPI" name="test_create_connection_with_all_intervals" time="4.052" /><testcase classname="backend.tests.test_crm_auto_sync.TestCRMAutoSyncAPI" name="test_update_connection_auto_sync_settings" time="2.498" /><testcase classname="backend.tests.test_crm_auto_sync.TestCRMAutoSyncAPI" name="test_get_subscription_plans_includes_crm_sync_fields" time="1.372" /><testcase classname="backend.tests.test_crm_auto_sync.TestCRMAutoSyncAPI" name="test_create_subscription_plan_with_crm_sync" time="1.784" /><testcase classname="backend.tests.test_crm_auto_sync.TestCRMAutoSyncAPI" name="test_update_subscription_plan_crm_sync" time="2.168" /><testcase classname="backend.tests.test_crm_auto_sync.TestCRMAutoSyncAPI" name="test_get_connections_includes_auto_sync_fields" time="2.120" /><testcase classname="backend.tests.test_crm_auto_sync.TestAdminPlansAPI" name="test_admin_get_plans_includes_crm_sync" time="2.104" /><testcase classname="backend.tests.test_crm_auto_sync.TestAdminPlansAPI" name="test_admin_create_plan_with_crm_sync" time="1.749" /><testcase classname="backend.tests.test_crm_auto_sync.TestAdminPlansAPI" name="test_admin_update_plan_crm_sync" time="2.111" /></testsuite></testsuites>