<?xml version="1.0" encoding="utf-8"?><testsuites name="pytest tests"><testsuite name="pytest" errors="0" failures="0" skipped="3" tests="22" time="5.094" timestamp="2026-03-04T13:02:28.741801+00:00" hostname="agent-env-185d3820-889a-4784-9408-45d1217d4d8d"><testcase classname="backend.tests.test_catalog_categories.TestCatalogCategoriesCRUD" name="test_list_categories_tree" time="0.468" /><testcase classname="backend.tests.test_catalog_categories.TestCatalogCategoriesCRUD" name="test_list_categories_flat" time="0.107" /><testcase classname="backend.tests.test_catalog_categories.TestCatalogCategoriesCRUD" name="test_create_root_category" time="0.111" /><testcase classname="backend.tests.test_catalog_categories.TestCatalogCategoriesCRUD" name="test_create_subcategory_level1" time="0.091" /><testcase classname="backend.tests.test_catalog_categories.TestCatalogCategoriesCRUD" name="test_create_subcategory_level2" time="0.141" /><testcase classname="backend.tests.test_catalog_categories.TestCatalogCategoriesCRUD" name="test_create_subcategory_level3" time="0.100" /><testcase classname="backend.tests.test_catalog_categories.TestCatalogCategoriesCRUD" name="test_reject_level5_category" time="0.082" /><testcase classname="backend.tests.test_catalog_categories.TestCatalogCategoriesCRUD" name="test_get_single_category" time="0.090" /><testcase classname="backend.tests.test_catalog_categories.TestCatalogCategoriesCRUD" name="test_update_category" time="0.165" /><testcase classname="backend.tests.test_catalog_categories.TestCatalogCategoriesReorder" name="test_reorder_categories" time="0.720" /><testcase classname="backend.tests.test_catalog_categories.TestProductCategoryAssignment" name="test_assign_category_to_product" time="0.429"><skipped type="pytest.skip" message="No products in catalog for category assignment">/app/backend/tests/test_catalog_categories.py:315: No products in catalog for category assignment</skipped></testcase><testcase classname="backend.tests.test_catalog_categories.TestProductCategoryAssignment" name="test_assign_multiple_categories" time="0.000"><skipped type="pytest.skip" message="No products in catalog">/app/backend/tests/test_catalog_categories.py:347: No products in catalog</skipped></testcase><testcase classname="backend.tests.test_catalog_categories.TestProductCategoryAssignment" name="test_filter_products_by_category" time="0.158" /><testcase classname="backend.tests.test_catalog_categories.TestProductCategoryAssignment" name="test_get_category_products" time="0.164" /><testcase classname="backend.tests.test_catalog_categories.TestCatalogCategoriesCleanup" name="test_delete_category_with_children" time="0.538" /><testcase classname="backend.tests.test_catalog_categories.TestCatalogCategoriesCleanup" name="test_cleanup_test_categories" time="0.310" /><testcase classname="backend.tests.test_catalog_categories.TestCatalogCategoriesEdgeCases" name="test_create_category_without_name" time="0.440" /><testcase classname="backend.tests.test_catalog_categories.TestCatalogCategoriesEdgeCases" name="test_get_nonexistent_category" time="0.085" /><testcase classname="backend.tests.test_catalog_categories.TestCatalogCategoriesEdgeCases" name="test_create_category_nonexistent_parent" time="0.084" /><testcase classname="backend.tests.test_catalog_categories.TestCatalogCategoriesEdgeCases" name="test_category_cannot_be_own_parent" time="0.191" /><testcase classname="backend.tests.test_catalog_categories.TestCatalogCategoriesEdgeCases" name="test_assign_invalid_category_to_product" time="0.084"><skipped type="pytest.skip" message="No products to test with">/app/backend/tests/test_catalog_categories.py:563: No products to test with</skipped></testcase><testcase classname="backend.tests.test_catalog_categories.TestExistingCategories" name="test_verify_existing_hierarchy" time="0.439" /></testsuite></testsuites>