<?xml version="1.0" encoding="utf-8"?><testsuites name="pytest tests"><testsuite name="pytest" errors="0" failures="0" skipped="0" tests="11" time="7.042" timestamp="2026-02-24T08:00:35.086367+00:00" hostname="agent-env-3300e4ae-f0ca-44da-a1a8-b1859db91ede"><testcase classname="test_notifications.TestDashboardStats" name="test_dashboard_stats_returns_expected_fields" time="1.218" /><testcase classname="test_notifications.TestNotificationsSystem" name="test_get_all_notifications" time="0.502" /><testcase classname="test_notifications.TestNotificationsSystem" name="test_get_unread_only_notifications" time="0.389" /><testcase classname="test_notifications.TestNotificationsSystem" name="test_get_notification_stats" time="0.380" /><testcase classname="test_notifications.TestNotificationCRUD" name="test_mark_notification_read" time="1.556" /><testcase classname="test_notifications.TestNotificationCRUD" name="test_mark_notification_read_not_found" time="0.419" /><testcase classname="test_notifications.TestNotificationCRUD" name="test_mark_all_notifications_read" time="0.820" /><testcase classname="test_notifications.TestNotificationCRUD" name="test_delete_notification_not_found" time="0.386" /><testcase classname="test_notifications.TestNotificationCRUD" name="test_delete_read_notifications" time="0.414" /><testcase classname="test_notifications.TestNotificationsUnauthorized" name="test_notifications_unauthorized" time="0.432" /><testcase classname="test_notifications.TestNotificationsUnauthorized" name="test_notification_stats_unauthorized" time="0.419" /></testsuite></testsuites>