<?xml version="1.0" encoding="utf-8"?><testsuites name="pytest tests"><testsuite name="pytest" errors="0" failures="0" skipped="0" tests="10" time="1.900" timestamp="2026-02-23T13:55:31.197101+00:00" hostname="agent-env-655ad59e-0151-4592-8d83-4fab005a6ad1"><testcase classname="backend.tests.test_product_detail.TestProductsUnified" name="test_get_products_unified_returns_list" time="0.527" /><testcase classname="backend.tests.test_product_detail.TestProductsUnified" name="test_unified_product_structure" time="0.048" /><testcase classname="backend.tests.test_product_detail.TestProductsUnified" name="test_unified_products_have_best_offer" time="0.048" /><testcase classname="backend.tests.test_product_detail.TestProductDetail" name="test_get_product_returns_extended_fields" time="0.098" /><testcase classname="backend.tests.test_product_detail.TestProductDetail" name="test_get_product_not_found" time="0.085" /><testcase classname="backend.tests.test_product_detail.TestProductUpdate" name="test_update_product_name" time="0.326" /><testcase classname="backend.tests.test_product_detail.TestProductUpdate" name="test_update_product_extended_fields" time="0.295" /><testcase classname="backend.tests.test_product_detail.TestProductUpdate" name="test_update_product_toggle_fields" time="0.257" /><testcase classname="backend.tests.test_product_detail.TestProductUpdate" name="test_update_product_not_found" time="0.056" /><testcase classname="backend.tests.test_product_detail.TestProductDetailPermissions" name="test_update_product_unauthorized" time="0.080" /></testsuite></testsuites>