<?xml version="1.0" encoding="utf-8"?><testsuites name="pytest tests"><testsuite name="pytest" errors="0" failures="0" skipped="2" tests="22" time="18.757" timestamp="2026-02-19T12:36:56.591117+00:00" hostname="agent-env-170f229b-7b00-49fb-a96f-581fb95e1f0a"><testcase classname="backend.tests.test_catalogs.TestCatalogCRUD" name="test_create_catalog" time="1.345" /><testcase classname="backend.tests.test_catalogs.TestCatalogCRUD" name="test_list_catalogs" time="0.634" /><testcase classname="backend.tests.test_catalogs.TestCatalogCRUD" name="test_get_catalog_by_id" time="0.473" /><testcase classname="backend.tests.test_catalogs.TestCatalogCRUD" name="test_update_catalog" time="0.788" /><testcase classname="backend.tests.test_catalogs.TestCatalogCRUD" name="test_set_catalog_as_default" time="0.581" /><testcase classname="backend.tests.test_catalogs.TestCatalogCRUD" name="test_delete_catalog" time="0.863" /><testcase classname="backend.tests.test_catalogs.TestCatalogMarginRules" name="test_create_margin_rule_for_catalog" time="1.734" /><testcase classname="backend.tests.test_catalogs.TestCatalogMarginRules" name="test_create_fixed_margin_rule" time="0.410" /><testcase classname="backend.tests.test_catalogs.TestCatalogMarginRules" name="test_create_category_specific_rule" time="0.458" /><testcase classname="backend.tests.test_catalogs.TestCatalogMarginRules" name="test_list_catalog_margin_rules" time="0.460" /><testcase classname="backend.tests.test_catalogs.TestCatalogMarginRules" name="test_delete_margin_rule" time="0.820" /><testcase classname="backend.tests.test_catalogs.TestCatalogProducts" name="test_add_products_to_catalog" time="1.573"><skipped type="pytest.skip" message="No products available to add to catalog">/app/backend/tests/test_catalogs.py:337: No products available to add to catalog</skipped></testcase><testcase classname="backend.tests.test_catalogs.TestCatalogProducts" name="test_list_catalog_products" time="0.537" /><testcase classname="backend.tests.test_catalogs.TestCatalogProducts" name="test_catalog_products_search" time="0.455" /><testcase classname="backend.tests.test_catalogs.TestCatalogProducts" name="test_remove_product_from_catalog" time="0.797"><skipped type="pytest.skip" message="No products in catalog to remove">/app/backend/tests/test_catalogs.py:406: No products in catalog to remove</skipped></testcase><testcase classname="backend.tests.test_catalogs.TestWooCommerceCatalogSelection" name="test_get_catalogs_for_export" time="1.121" /><testcase classname="backend.tests.test_catalogs.TestWooCommerceCatalogSelection" name="test_woocommerce_configs_endpoint" time="0.404" /><testcase classname="backend.tests.test_catalogs.TestCatalogEdgeCases" name="test_create_catalog_without_name" time="1.145" /><testcase classname="backend.tests.test_catalogs.TestCatalogEdgeCases" name="test_get_nonexistent_catalog" time="0.435" /><testcase classname="backend.tests.test_catalogs.TestCatalogEdgeCases" name="test_add_products_to_nonexistent_catalog" time="0.422" /><testcase classname="backend.tests.test_catalogs.TestCatalogEdgeCases" name="test_first_catalog_becomes_default" time="1.173" /><testcase classname="backend.tests.test_catalogs.TestCatalogStatistics" name="test_catalog_product_count" time="1.972" /></testsuite></testsuites>