<?xml version="1.0" encoding="utf-8"?><testsuites name="pytest tests"><testsuite name="pytest" errors="0" failures="0" skipped="0" tests="15" time="14.673" timestamp="2026-03-04T14:30:28.712698+00:00" hostname="agent-env-d89f0b84-7b66-416b-b791-57a45a614b47"><testcase classname="tests.test_bulk_category_assignment.TestBulkCategoryAssignment" name="test_bulk_assign_requires_auth" time="0.668" /><testcase classname="tests.test_bulk_category_assignment.TestBulkCategoryAssignment" name="test_bulk_add_categories_success" time="2.083" /><testcase classname="tests.test_bulk_category_assignment.TestBulkCategoryAssignment" name="test_bulk_add_verifies_persistence" time="1.207" /><testcase classname="tests.test_bulk_category_assignment.TestBulkCategoryAssignment" name="test_bulk_add_multiple_categories" time="0.554" /><testcase classname="tests.test_bulk_category_assignment.TestBulkCategoryAssignment" name="test_bulk_replace_categories_success" time="0.429" /><testcase classname="tests.test_bulk_category_assignment.TestBulkCategoryAssignment" name="test_bulk_replace_clears_old_categories" time="1.603" /><testcase classname="tests.test_bulk_category_assignment.TestBulkCategoryAssignment" name="test_bulk_remove_categories_success" time="1.058" /><testcase classname="tests.test_bulk_category_assignment.TestBulkCategoryAssignment" name="test_bulk_remove_verifies_removal" time="1.160" /><testcase classname="tests.test_bulk_category_assignment.TestBulkCategoryAssignment" name="test_bulk_assign_empty_products_fails" time="0.442" /><testcase classname="tests.test_bulk_category_assignment.TestBulkCategoryAssignment" name="test_bulk_assign_invalid_mode_fails" time="0.426" /><testcase classname="tests.test_bulk_category_assignment.TestBulkCategoryAssignment" name="test_bulk_assign_invalid_category_fails" time="0.444" /><testcase classname="tests.test_bulk_category_assignment.TestBulkCategoryAssignment" name="test_bulk_assign_nonexistent_catalog" time="0.446" /><testcase classname="tests.test_bulk_category_assignment.TestBulkCategoryAssignment" name="test_bulk_assign_with_empty_categories" time="0.433" /><testcase classname="tests.test_bulk_category_assignment.TestBulkCategoryAssignment" name="test_bulk_assign_idempotent_add" time="1.221" /><testcase classname="tests.test_bulk_category_assignment.TestBulkCategoryAssignmentIntegration" name="test_filter_after_bulk_assign" time="2.407" /></testsuite></testsuites>