<?xml version="1.0" encoding="utf-8"?><testsuites name="pytest tests"><testsuite name="pytest" errors="0" failures="0" skipped="0" tests="13" time="2.971" timestamp="2026-02-23T14:31:48.174465+00:00" hostname="agent-env-655ad59e-0151-4592-8d83-4fab005a6ad1"><testcase classname="tests.test_ftp_multifile.TestFtpBrowse" name="test_ftp_browse_real_server" time="0.788" /><testcase classname="tests.test_ftp_multifile.TestFtpBrowse" name="test_ftp_browse_invalid_credentials" time="0.183" /><testcase classname="tests.test_ftp_multifile.TestFtpBrowse" name="test_ftp_browse_without_auth" time="0.087" /><testcase classname="tests.test_ftp_multifile.TestSupplierCRUDWithFtpPaths" name="test_create_supplier_with_ftp_paths" time="0.475" /><testcase classname="tests.test_ftp_multifile.TestSupplierCRUDWithFtpPaths" name="test_get_supplier_returns_ftp_paths" time="0.103" /><testcase classname="tests.test_ftp_multifile.TestSupplierCRUDWithFtpPaths" name="test_get_suppliers_list_returns_ftp_paths" time="0.147" /><testcase classname="tests.test_ftp_multifile.TestSupplierCRUDWithFtpPaths" name="test_update_supplier_ftp_paths" time="0.104" /><testcase classname="tests.test_ftp_multifile.TestSupplierCRUDWithFtpPaths" name="test_update_supplier_clear_ftp_paths" time="0.092" /><testcase classname="tests.test_ftp_multifile.TestSupplierCRUDWithFtpPaths" name="test_delete_test_supplier" time="0.105" /><testcase classname="tests.test_ftp_multifile.TestExistingEndpoints" name="test_dashboard_endpoint" time="0.442" /><testcase classname="tests.test_ftp_multifile.TestExistingEndpoints" name="test_products_endpoint" time="0.107" /><testcase classname="tests.test_ftp_multifile.TestExistingEndpoints" name="test_catalogs_endpoint" time="0.093" /><testcase classname="tests.test_ftp_multifile.TestExistingEndpoints" name="test_suppliers_list_endpoint" time="0.164" /></testsuite></testsuites>