<?xml version="1.0" encoding="utf-8"?><testsuites name="pytest tests"><testsuite name="pytest" errors="0" failures="0" skipped="0" tests="19" time="12.416" timestamp="2026-02-24T09:26:33.251811+00:00" hostname="agent-env-3300e4ae-f0ca-44da-a1a8-b1859db91ede"><testcase classname="backend.tests.test_products_sorting_price_history.TestProductsSorting" name="test_products_unified_without_sorting" time="1.474" /><testcase classname="backend.tests.test_products_sorting_price_history.TestProductsSorting" name="test_products_unified_sort_by_name_asc" time="0.417" /><testcase classname="backend.tests.test_products_sorting_price_history.TestProductsSorting" name="test_products_unified_sort_by_name_desc" time="0.540" /><testcase classname="backend.tests.test_products_sorting_price_history.TestProductsSorting" name="test_products_unified_sort_by_price_asc" time="0.399" /><testcase classname="backend.tests.test_products_sorting_price_history.TestProductsSorting" name="test_products_unified_sort_by_price_desc" time="0.409" /><testcase classname="backend.tests.test_products_sorting_price_history.TestProductsSorting" name="test_products_unified_sort_by_stock_asc" time="0.435" /><testcase classname="backend.tests.test_products_sorting_price_history.TestProductsSorting" name="test_products_unified_sort_by_suppliers_desc" time="0.404" /><testcase classname="backend.tests.test_products_sorting_price_history.TestProductsPagination" name="test_products_unified_count" time="1.049" /><testcase classname="backend.tests.test_products_sorting_price_history.TestProductsPagination" name="test_products_unified_pagination_first_page" time="0.467" /><testcase classname="backend.tests.test_products_sorting_price_history.TestProductsPagination" name="test_products_unified_pagination_second_page" time="0.402" /><testcase classname="backend.tests.test_products_sorting_price_history.TestProductsPagination" name="test_products_unified_pagination_with_sorting" time="0.389" /><testcase classname="backend.tests.test_products_sorting_price_history.TestPriceHistoryTopProducts" name="test_price_history_top_products" time="1.017" /><testcase classname="backend.tests.test_products_sorting_price_history.TestPriceHistoryTopProducts" name="test_price_history_top_products_limit" time="0.400" /><testcase classname="backend.tests.test_products_sorting_price_history.TestPriceHistoryTopProducts" name="test_price_history_top_products_sorted_by_changes" time="0.410" /><testcase classname="backend.tests.test_products_sorting_price_history.TestPriceHistoryProductEvolution" name="test_price_history_product_evolution_structure" time="1.461" /><testcase classname="backend.tests.test_products_sorting_price_history.TestPriceHistoryProductEvolution" name="test_price_history_product_evolution_timeline_format" time="0.819" /><testcase classname="backend.tests.test_products_sorting_price_history.TestPriceHistoryProductEvolution" name="test_price_history_product_nonexistent" time="0.439" /><testcase classname="backend.tests.test_products_sorting_price_history.TestPriceHistory" name="test_price_history_list" time="1.001" /><testcase classname="backend.tests.test_products_sorting_price_history.TestPriceHistory" name="test_price_history_unauthorized" time="0.396" /></testsuite></testsuites>