<?xml version="1.0" encoding="utf-8"?><testsuites name="pytest tests"><testsuite name="pytest" errors="0" failures="0" skipped="0" tests="16" time="18.453" timestamp="2026-02-24T10:57:26.795271+00:00" hostname="agent-env-593f06e3-d929-4a71-a0bb-51b98a054b9e"><testcase classname="backend.tests.test_superadmin_subscriptions.TestSuperAdminDashboard" name="test_superadmin_stats_returns_200" time="1.116" /><testcase classname="backend.tests.test_superadmin_subscriptions.TestSuperAdminDashboard" name="test_superadmin_stats_users_structure" time="1.010" /><testcase classname="backend.tests.test_superadmin_subscriptions.TestSuperAdminDashboard" name="test_superadmin_stats_resources_structure" time="0.979" /><testcase classname="backend.tests.test_superadmin_subscriptions.TestSuperAdminDashboard" name="test_superadmin_stats_sync_structure" time="0.977" /><testcase classname="backend.tests.test_superadmin_subscriptions.TestSuperAdminDashboard" name="test_superadmin_stats_forbidden_for_admin" time="1.683" /><testcase classname="backend.tests.test_superadmin_subscriptions.TestUserManagement" name="test_list_users_returns_200" time="0.994" /><testcase classname="backend.tests.test_superadmin_subscriptions.TestUserManagement" name="test_get_user_with_usage" time="1.326" /><testcase classname="backend.tests.test_superadmin_subscriptions.TestUserManagement" name="test_update_user_limits_superadmin_only" time="1.708" /><testcase classname="backend.tests.test_superadmin_subscriptions.TestUserManagement" name="test_update_role_changes_limits" time="1.356" /><testcase classname="backend.tests.test_superadmin_subscriptions.TestSubscriptionPlans" name="test_get_plans_returns_4_plans" time="1.007" /><testcase classname="backend.tests.test_superadmin_subscriptions.TestSubscriptionPlans" name="test_plans_have_correct_structure" time="0.981" /><testcase classname="backend.tests.test_superadmin_subscriptions.TestSubscriptionPlans" name="test_free_plan_prices" time="0.987" /><testcase classname="backend.tests.test_superadmin_subscriptions.TestSubscriptionPlans" name="test_professional_plan_limits" time="0.990" /><testcase classname="backend.tests.test_superadmin_subscriptions.TestSubscriptionPlans" name="test_enterprise_plan_unlimited" time="0.964" /><testcase classname="backend.tests.test_superadmin_subscriptions.TestSubscriptionPlans" name="test_get_my_subscription" time="0.952" /><testcase classname="backend.tests.test_superadmin_subscriptions.TestSubscriptionActions" name="test_subscribe_to_plan" time="1.367" /></testsuite></testsuites>