<?xml version="1.0" encoding="utf-8"?><testsuites name="pytest tests"><testsuite name="pytest" errors="0" failures="0" skipped="0" tests="17" time="12.256" timestamp="2026-03-06T09:35:04.473138+00:00" hostname="agent-env-e799cb65-3898-4888-a8ba-31ec874b6a70"><testcase classname="tests.test_unified_sync.TestSyncSettingsEndpoint" name="test_get_sync_settings_requires_auth" time="1.108" /><testcase classname="tests.test_unified_sync.TestSyncSettingsEndpoint" name="test_get_sync_settings_returns_expected_fields" time="0.437" /><testcase classname="tests.test_unified_sync.TestSyncSettingsEndpoint" name="test_get_sync_settings_user_with_enterprise_plan" time="0.400" /><testcase classname="tests.test_unified_sync.TestSyncSettingsEndpoint" name="test_get_sync_settings_service_toggles_are_boolean" time="0.416" /><testcase classname="tests.test_unified_sync.TestUpdateSyncSettingsEndpoint" name="test_update_sync_settings_requires_auth" time="0.423" /><testcase classname="tests.test_unified_sync.TestUpdateSyncSettingsEndpoint" name="test_update_sync_interval" time="1.233" /><testcase classname="tests.test_unified_sync.TestUpdateSyncSettingsEndpoint" name="test_update_sync_services_toggles" time="0.845" /><testcase classname="tests.test_unified_sync.TestUpdateSyncSettingsEndpoint" name="test_update_sync_calculates_next_sync" time="0.398" /><testcase classname="tests.test_unified_sync.TestUpdateSyncSettingsEndpoint" name="test_update_sync_invalid_interval_rejected" time="0.445" /><testcase classname="tests.test_unified_sync.TestRunSyncNowEndpoint" name="test_run_sync_now_requires_auth" time="0.418" /><testcase classname="tests.test_unified_sync.TestRunSyncNowEndpoint" name="test_run_sync_now_returns_expected_structure" time="0.409" /><testcase classname="tests.test_unified_sync.TestRunSyncNowEndpoint" name="test_run_sync_now_respects_service_toggles" time="0.818" /><testcase classname="tests.test_unified_sync.TestRunSyncNowEndpoint" name="test_run_sync_now_updates_last_sync" time="0.853" /><testcase classname="tests.test_unified_sync.TestSubscriptionPlanSyncFields" name="test_get_plans_includes_sync_fields" time="0.408" /><testcase classname="tests.test_unified_sync.TestSubscriptionPlanSyncFields" name="test_create_plan_with_sync_options" time="0.836" /><testcase classname="tests.test_unified_sync.TestSubscriptionPlanSyncFields" name="test_update_plan_sync_options" time="1.906" /><testcase classname="tests.test_unified_sync.TestSchedulerConfiguration" name="test_health_check_confirms_api_running" time="0.816" /></testsuite></testsuites>