<?xml version="1.0" encoding="utf-8"?><testsuites name="pytest tests"><testsuite name="pytest" errors="0" failures="0" skipped="0" tests="10" time="6.955" timestamp="2026-02-19T11:35:08.252800+00:00" hostname="agent-env-1d414400-3169-4ef6-8c8d-706ef0d10406"><testcase classname="tests.test_url_connection.TestURLConnectionBackend" name="test_create_supplier_with_url_connection_type" time="0.566" /><testcase classname="tests.test_url_connection.TestURLConnectionBackend" name="test_create_supplier_with_ftp_connection_type" time="0.564" /><testcase classname="tests.test_url_connection.TestURLConnectionBackend" name="test_create_supplier_default_connection_type" time="0.560" /><testcase classname="tests.test_url_connection.TestURLConnectionBackend" name="test_sync_supplier_with_url_success" time="1.236" /><testcase classname="tests.test_url_connection.TestURLConnectionBackend" name="test_sync_supplier_with_url_missing_url_fails" time="0.574" /><testcase classname="tests.test_url_connection.TestURLConnectionBackend" name="test_sync_supplier_ftp_missing_config_fails" time="0.573" /><testcase classname="tests.test_url_connection.TestURLConnectionBackend" name="test_update_supplier_change_to_url" time="0.607" /><testcase classname="tests.test_url_connection.TestURLConnectionBackend" name="test_get_supplier_returns_url_fields" time="0.603" /><testcase classname="tests.test_url_connection.TestURLConnectionBackend" name="test_list_suppliers_includes_connection_type" time="0.578" /><testcase classname="tests.test_url_connection.TestURLDownloadFunction" name="test_sync_downloads_real_csv_from_url" time="1.025" /></testsuite></testsuites>