<?xml version="1.0" encoding="utf-8"?><testsuites name="pytest tests"><testsuite name="pytest" errors="0" failures="0" skipped="0" tests="26" time="34.657" timestamp="2026-02-25T14:10:13.409370+00:00" hostname="agent-env-4e757d37-c200-4d01-b25c-703445bdd64e"><testcase classname="backend.tests.test_setup_product_selection.TestSetupEndpoints" name="test_setup_status_returns_correct_structure" time="0.568" /><testcase classname="backend.tests.test_setup_product_selection.TestSetupEndpoints" name="test_setup_status_when_configured" time="0.407" /><testcase classname="backend.tests.test_setup_product_selection.TestSetupEndpoints" name="test_test_connection_requires_mongo_url" time="0.520" /><testcase classname="backend.tests.test_setup_product_selection.TestSetupEndpoints" name="test_test_connection_with_invalid_url" time="5.503" /><testcase classname="backend.tests.test_setup_product_selection.TestSetupEndpoints" name="test_configure_with_existing_superadmin" time="0.441" /><testcase classname="backend.tests.test_setup_product_selection.TestProductSelection" name="test_selected_count_returns_stats" time="1.225" /><testcase classname="backend.tests.test_setup_product_selection.TestProductSelection" name="test_selected_count_by_supplier" time="1.512" /><testcase classname="backend.tests.test_setup_product_selection.TestProductSelection" name="test_supplier_products_includes_is_selected" time="1.830" /><testcase classname="backend.tests.test_setup_product_selection.TestProductSelection" name="test_supplier_categories_with_counts" time="1.486" /><testcase classname="backend.tests.test_setup_product_selection.TestProductSelection" name="test_select_products_flow" time="2.877" /><testcase classname="backend.tests.test_setup_product_selection.TestProductSelection" name="test_select_empty_list_returns_error" time="1.089" /><testcase classname="backend.tests.test_setup_product_selection.TestProductSelection" name="test_deselect_empty_list_returns_error" time="1.094" /><testcase classname="backend.tests.test_setup_product_selection.TestProductSelection" name="test_select_by_supplier_all_products" time="2.292" /><testcase classname="backend.tests.test_setup_product_selection.TestProductSelection" name="test_select_by_supplier_with_category_filter" time="2.366" /><testcase classname="backend.tests.test_setup_product_selection.TestProductSelection" name="test_select_by_supplier_invalid_supplier" time="1.077" /><testcase classname="backend.tests.test_setup_product_selection.TestProductSelection" name="test_select_by_supplier_requires_supplier_id" time="1.055" /><testcase classname="backend.tests.test_setup_product_selection.TestProductsUnifiedFilter" name="test_products_unified_shows_only_selected" time="3.296" /><testcase classname="backend.tests.test_setup_product_selection.TestProductsUnifiedFilter" name="test_products_unified_with_include_all_flag" time="1.578" /><testcase classname="backend.tests.test_setup_product_selection.TestProductsUnifiedFilter" name="test_products_unified_count_with_filter" time="1.512" /><testcase classname="backend.tests.test_setup_product_selection.TestAuthentication" name="test_setup_status_is_public" time="0.400" /><testcase classname="backend.tests.test_setup_product_selection.TestAuthentication" name="test_test_connection_is_public" time="0.400" /><testcase classname="backend.tests.test_setup_product_selection.TestAuthentication" name="test_products_select_requires_auth" time="0.407" /><testcase classname="backend.tests.test_setup_product_selection.TestAuthentication" name="test_products_deselect_requires_auth" time="0.431" /><testcase classname="backend.tests.test_setup_product_selection.TestAuthentication" name="test_select_by_supplier_requires_auth" time="0.398" /><testcase classname="backend.tests.test_setup_product_selection.TestAuthentication" name="test_supplier_products_requires_auth" time="0.398" /><testcase classname="backend.tests.test_setup_product_selection.TestAuthentication" name="test_supplier_categories_requires_auth" time="0.401" /></testsuite></testsuites>