<?xml version="1.0" encoding="utf-8"?><testsuites name="pytest tests"><testsuite name="pytest" errors="0" failures="1" skipped="0" tests="16" time="18.618" timestamp="2026-02-24T10:55:15.164728+00:00" hostname="agent-env-593f06e3-d929-4a71-a0bb-51b98a054b9e"><testcase classname="backend.tests.test_superadmin_subscriptions.TestSuperAdminDashboard" name="test_superadmin_stats_returns_200" time="1.279" /><testcase classname="backend.tests.test_superadmin_subscriptions.TestSuperAdminDashboard" name="test_superadmin_stats_users_structure" time="0.977" /><testcase classname="backend.tests.test_superadmin_subscriptions.TestSuperAdminDashboard" name="test_superadmin_stats_resources_structure" time="0.998" /><testcase classname="backend.tests.test_superadmin_subscriptions.TestSuperAdminDashboard" name="test_superadmin_stats_sync_structure" time="0.993" /><testcase classname="backend.tests.test_superadmin_subscriptions.TestSuperAdminDashboard" name="test_superadmin_stats_forbidden_for_admin" time="1.619" /><testcase classname="backend.tests.test_superadmin_subscriptions.TestUserManagement" name="test_list_users_returns_200" time="1.024" /><testcase classname="backend.tests.test_superadmin_subscriptions.TestUserManagement" name="test_get_user_with_usage" time="1.312" /><testcase classname="backend.tests.test_superadmin_subscriptions.TestUserManagement" name="test_update_user_limits_superadmin_only" time="1.666" /><testcase classname="backend.tests.test_superadmin_subscriptions.TestUserManagement" name="test_update_role_changes_limits" time="1.356" /><testcase classname="backend.tests.test_superadmin_subscriptions.TestSubscriptionPlans" name="test_get_plans_returns_4_plans" time="1.075" /><testcase classname="backend.tests.test_superadmin_subscriptions.TestSubscriptionPlans" name="test_plans_have_correct_structure" time="0.997" /><testcase classname="backend.tests.test_superadmin_subscriptions.TestSubscriptionPlans" name="test_free_plan_prices" time="1.002" /><testcase classname="backend.tests.test_superadmin_subscriptions.TestSubscriptionPlans" name="test_professional_plan_limits" time="0.977" /><testcase classname="backend.tests.test_superadmin_subscriptions.TestSubscriptionPlans" name="test_enterprise_plan_unlimited" time="0.974" /><testcase classname="backend.tests.test_superadmin_subscriptions.TestSubscriptionPlans" name="test_get_my_subscription" time="1.026" /><testcase classname="backend.tests.test_superadmin_subscriptions.TestSubscriptionActions" name="test_subscribe_to_plan" time="1.231"><failure message="assert 520 == 200&#10; +  where 520 = &lt;Response [520]&gt;.status_code">backend/tests/test_superadmin_subscriptions.py:314: in test_subscribe_to_plan
    assert response.status_code == 200
E   assert 520 == 200
E    +  where 520 = &lt;Response [520]&gt;.status_code</failure></testcase></testsuite></testsuites>