<?xml version="1.0" encoding="utf-8"?><testsuites name="pytest tests"><testsuite name="pytest" errors="0" failures="0" skipped="0" tests="16" time="46.063" timestamp="2026-03-06T08:51:13.778912+00:00" hostname="agent-env-e799cb65-3898-4888-a8ba-31ec874b6a70"><testcase classname="backend.tests.test_crm_dolibarr.TestCRMAuth" name="test_get_connections_requires_auth" time="0.573" /><testcase classname="backend.tests.test_crm_dolibarr.TestCRMAuth" name="test_post_connection_requires_auth" time="0.455" /><testcase classname="backend.tests.test_crm_dolibarr.TestCRMAuth" name="test_test_connection_requires_auth" time="0.508" /><testcase classname="backend.tests.test_crm_dolibarr.TestCRMConnections" name="test_get_connections_empty_or_existing" time="1.066" /><testcase classname="backend.tests.test_crm_dolibarr.TestCRMConnections" name="test_create_dolibarr_connection" time="2.296" /><testcase classname="backend.tests.test_crm_dolibarr.TestCRMConnections" name="test_test_connection_dolibarr" time="2.237" /><testcase classname="backend.tests.test_crm_dolibarr.TestCRMConnections" name="test_update_connection" time="4.240" /><testcase classname="backend.tests.test_crm_dolibarr.TestCRMConnections" name="test_delete_connection" time="3.050" /><testcase classname="backend.tests.test_crm_dolibarr.TestCRMConnections" name="test_delete_nonexistent_connection" time="1.023" /><testcase classname="backend.tests.test_crm_dolibarr.TestCRMSync" name="test_sync_all" time="7.987" /><testcase classname="backend.tests.test_crm_dolibarr.TestCRMSync" name="test_sync_products_only" time="5.437" /><testcase classname="backend.tests.test_crm_dolibarr.TestCRMSync" name="test_sync_suppliers_only" time="6.157" /><testcase classname="backend.tests.test_crm_dolibarr.TestCRMSync" name="test_sync_orders_only" time="3.117" /><testcase classname="backend.tests.test_crm_dolibarr.TestCRMSync" name="test_sync_nonexistent_connection" time="3.102" /><testcase classname="backend.tests.test_crm_dolibarr.TestCRMConnectionStats" name="test_connection_includes_stats_field" time="3.093" /><testcase classname="backend.tests.test_crm_dolibarr.TestCleanup" name="test_cleanup_test_connections" time="1.641" /></testsuite></testsuites>