<?xml version="1.0" encoding="utf-8"?><testsuites name="pytest tests"><testsuite name="pytest" errors="0" failures="1" skipped="0" tests="19" time="79.289" timestamp="2026-02-19T08:41:46.875276+00:00" hostname="agent-env-1d414400-3169-4ef6-8c8d-706ef0d10406"><testcase classname="backend.tests.test_api_endpoints.TestHealthEndpoint" name="test_health_check" time="0.583" /><testcase classname="backend.tests.test_api_endpoints.TestAuthEndpoints" name="test_register_user_success" time="0.771" /><testcase classname="backend.tests.test_api_endpoints.TestAuthEndpoints" name="test_register_duplicate_email" time="1.192" /><testcase classname="backend.tests.test_api_endpoints.TestAuthEndpoints" name="test_login_success" time="0.850" /><testcase classname="backend.tests.test_api_endpoints.TestAuthEndpoints" name="test_login_invalid_credentials" time="0.432" /><testcase classname="backend.tests.test_api_endpoints.TestAuthEndpoints" name="test_get_current_user" time="0.418" /><testcase classname="backend.tests.test_api_endpoints.TestAuthEndpoints" name="test_get_current_user_unauthorized" time="0.451" /><testcase classname="backend.tests.test_api_endpoints.TestSupplierEndpoints" name="test_create_supplier_success" time="1.699" /><testcase classname="backend.tests.test_api_endpoints.TestSupplierEndpoints" name="test_create_supplier_minimal" time="0.841" /><testcase classname="backend.tests.test_api_endpoints.TestSupplierEndpoints" name="test_get_suppliers_list" time="1.292" /><testcase classname="backend.tests.test_api_endpoints.TestSupplierEndpoints" name="test_get_supplier_by_id" time="1.252" /><testcase classname="backend.tests.test_api_endpoints.TestSupplierEndpoints" name="test_get_supplier_not_found" time="0.425" /><testcase classname="backend.tests.test_api_endpoints.TestSupplierEndpoints" name="test_update_supplier" time="1.733" /><testcase classname="backend.tests.test_api_endpoints.TestSupplierEndpoints" name="test_delete_supplier" time="1.267" /><testcase classname="backend.tests.test_api_endpoints.TestSupplierSyncEndpoints" name="test_sync_supplier_no_ftp_config" time="2.014" /><testcase classname="backend.tests.test_api_endpoints.TestSupplierSyncEndpoints" name="test_sync_supplier_ftp_error" time="60.636"><failure message="AssertionError: Expected 200, got 520&#10;assert 520 == 200&#10; +  where 520 = &lt;Response [520]&gt;.status_code">backend/tests/test_api_endpoints.py:378: in test_sync_supplier_ftp_error
    assert sync_response.status_code == 200, f"Expected 200, got {sync_response.status_code}"
E   AssertionError: Expected 200, got 520
E   assert 520 == 200
E    +  where 520 = &lt;Response [520]&gt;.status_code</failure></testcase><testcase classname="backend.tests.test_api_endpoints.TestSupplierSyncEndpoints" name="test_get_sync_status" time="1.590" /><testcase classname="backend.tests.test_api_endpoints.TestDashboardEndpoints" name="test_get_dashboard_stats" time="1.127" /><testcase classname="backend.tests.test_api_endpoints.TestDashboardEndpoints" name="test_get_dashboard_stats_unauthorized" time="0.429" /></testsuite></testsuites>