<?xml version="1.0" encoding="utf-8"?><testsuites name="pytest tests"><testsuite name="pytest" errors="0" failures="0" skipped="0" tests="19" time="21.509" timestamp="2026-02-19T08:45:26.380977+00:00" hostname="agent-env-1d414400-3169-4ef6-8c8d-706ef0d10406"><testcase classname="backend.tests.test_api_endpoints.TestHealthEndpoint" name="test_health_check" time="0.578" /><testcase classname="backend.tests.test_api_endpoints.TestAuthEndpoints" name="test_register_user_success" time="0.943" /><testcase classname="backend.tests.test_api_endpoints.TestAuthEndpoints" name="test_register_duplicate_email" time="1.390" /><testcase classname="backend.tests.test_api_endpoints.TestAuthEndpoints" name="test_login_success" time="0.863" /><testcase classname="backend.tests.test_api_endpoints.TestAuthEndpoints" name="test_login_invalid_credentials" time="0.475" /><testcase classname="backend.tests.test_api_endpoints.TestAuthEndpoints" name="test_get_current_user" time="0.446" /><testcase classname="backend.tests.test_api_endpoints.TestAuthEndpoints" name="test_get_current_user_unauthorized" time="0.511" /><testcase classname="backend.tests.test_api_endpoints.TestSupplierEndpoints" name="test_create_supplier_success" time="1.710" /><testcase classname="backend.tests.test_api_endpoints.TestSupplierEndpoints" name="test_create_supplier_minimal" time="0.833" /><testcase classname="backend.tests.test_api_endpoints.TestSupplierEndpoints" name="test_get_suppliers_list" time="1.332" /><testcase classname="backend.tests.test_api_endpoints.TestSupplierEndpoints" name="test_get_supplier_by_id" time="1.259" /><testcase classname="backend.tests.test_api_endpoints.TestSupplierEndpoints" name="test_get_supplier_not_found" time="0.470" /><testcase classname="backend.tests.test_api_endpoints.TestSupplierEndpoints" name="test_update_supplier" time="1.643" /><testcase classname="backend.tests.test_api_endpoints.TestSupplierEndpoints" name="test_delete_supplier" time="1.269" /><testcase classname="backend.tests.test_api_endpoints.TestSupplierSyncEndpoints" name="test_sync_supplier_no_ftp_config" time="1.986" /><testcase classname="backend.tests.test_api_endpoints.TestSupplierSyncEndpoints" name="test_sync_supplier_ftp_error_with_known_host" time="2.480" /><testcase classname="backend.tests.test_api_endpoints.TestSupplierSyncEndpoints" name="test_get_sync_status" time="1.351" /><testcase classname="backend.tests.test_api_endpoints.TestDashboardEndpoints" name="test_get_dashboard_stats" time="1.391" /><testcase classname="backend.tests.test_api_endpoints.TestDashboardEndpoints" name="test_get_dashboard_stats_unauthorized" time="0.459" /></testsuite></testsuites>