<?xml version="1.0" encoding="utf-8"?><testsuites name="pytest tests"><testsuite name="pytest" errors="0" failures="0" skipped="0" tests="11" time="33.469" timestamp="2026-02-26T09:34:31.441152+00:00" hostname="agent-env-b6c38f7e-99e2-49b1-9c35-a1ca2ca994d6"><testcase classname="backend.tests.test_smtp_subscription_features.TestSetupSmtpConfiguration" name="test_setup_status_returns_correct_structure" time="0.624" /><testcase classname="backend.tests.test_smtp_subscription_features.TestSetupSmtpConfiguration" name="test_setup_configure_accepts_smtp_fields" time="5.579" /><testcase classname="backend.tests.test_smtp_subscription_features.TestSmtpTestConnection" name="test_smtp_test_connection_endpoint_exists" time="0.473" /><testcase classname="backend.tests.test_smtp_subscription_features.TestSmtpTestConnection" name="test_smtp_test_connection_with_invalid_server" time="20.577" /><testcase classname="backend.tests.test_smtp_subscription_features.TestSubscriptionEmail" name="test_subscription_plans_endpoint" time="1.195" /><testcase classname="backend.tests.test_smtp_subscription_features.TestSubscriptionEmail" name="test_subscribe_to_plan_triggers_email" time="1.461" /><testcase classname="backend.tests.test_smtp_subscription_features.TestSubscriptionEmail" name="test_get_my_subscription" time="1.110" /><testcase classname="backend.tests.test_smtp_subscription_features.TestEmailConfig" name="test_email_config_endpoint_requires_auth" time="0.406" /><testcase classname="backend.tests.test_smtp_subscription_features.TestEmailConfig" name="test_get_email_config" time="1.103" /><testcase classname="backend.tests.test_smtp_subscription_features.TestForgotPassword" name="test_forgot_password_endpoint_exists" time="0.456" /><testcase classname="backend.tests.test_smtp_subscription_features.TestForgotPassword" name="test_verify_reset_token_endpoint_exists" time="0.422" /></testsuite></testsuites>