<?xml version="1.0" encoding="utf-8"?><testsuites name="pytest tests"><testsuite name="pytest" errors="0" failures="0" skipped="10" tests="15" time="1.526" timestamp="2026-03-05T14:18:22.537949+00:00" hostname="agent-env-2906df43-9bbe-46e5-8a88-aa6acc6f10e6"><testcase classname="backend.tests.test_product_edit_features.TestProductEditFeatures" name="test_update_product_name" time="0.920"><skipped type="pytest.skip" message="Could not create test supplier: {&quot;id&quot;:&quot;94aee271-6887-402b-8a26-5fe64f0604c0&quot;,&quot;name&quot;:&quot;TEST_Supplier_7b66f6&quot;,&quot;description&quot;:&quot;Test supplier for product edit testing&quot;,&quot;connection_type&quot;:&quot;url&quot;,&quot;file_url&quot;:null,&quot;ftp_schema&quot;:&quot;ftp&quot;,&quot;ftp_host&quot;:null,&quot;ftp_user&quot;:null,&quot;ftp_port&quot;:21,&quot;ftp_path&quot;:null,&quot;ftp_paths&quot;:[],&quot;ftp_mode&quot;:&quot;passive&quot;,&quot;file_format&quot;:&quot;csv&quot;,&quot;csv_separator&quot;:&quot;;&quot;,&quot;csv_enclosure&quot;:&quot;\&quot;&quot;,&quot;csv_line_break&quot;:&quot;\\n&quot;,&quot;csv_header_row&quot;:1,&quot;column_mapping&quot;:null,&quot;detected_columns&quot;:null,&quot;product_count&quot;:0,&quot;last_sync&quot;:null,&quot;created_at&quot;:&quot;2026-03-05T14:18:23.503944+00:00&quot;}">/app/backend/tests/test_product_edit_features.py:93: Could not create test supplier: {"id":"94aee271-6887-402b-8a26-5fe64f0604c0","name":"TEST_Supplier_7b66f6","description":"Test supplier for product edit testing","connection_type":"url","file_url":null,"ftp_schema":"ftp","ftp_host":null,"ftp_user":null,"ftp_port":21,"ftp_path":null,"ftp_paths":[],"ftp_mode":"passive","file_format":"csv","csv_separator":";","csv_enclosure":"\"","csv_line_break":"\\n","csv_header_row":1,"column_mapping":null,"detected_columns":null,"product_count":0,"last_sync":null,"created_at":"2026-03-05T14:18:23.503944+00:00"}</skipped></testcase><testcase classname="backend.tests.test_product_edit_features.TestProductEditFeatures" name="test_update_product_short_description" time="0.000"><skipped type="pytest.skip" message="Could not create test supplier: {&quot;id&quot;:&quot;94aee271-6887-402b-8a26-5fe64f0604c0&quot;,&quot;name&quot;:&quot;TEST_Supplier_7b66f6&quot;,&quot;description&quot;:&quot;Test supplier for product edit testing&quot;,&quot;connection_type&quot;:&quot;url&quot;,&quot;file_url&quot;:null,&quot;ftp_schema&quot;:&quot;ftp&quot;,&quot;ftp_host&quot;:null,&quot;ftp_user&quot;:null,&quot;ftp_port&quot;:21,&quot;ftp_path&quot;:null,&quot;ftp_paths&quot;:[],&quot;ftp_mode&quot;:&quot;passive&quot;,&quot;file_format&quot;:&quot;csv&quot;,&quot;csv_separator&quot;:&quot;;&quot;,&quot;csv_enclosure&quot;:&quot;\&quot;&quot;,&quot;csv_line_break&quot;:&quot;\\n&quot;,&quot;csv_header_row&quot;:1,&quot;column_mapping&quot;:null,&quot;detected_columns&quot;:null,&quot;product_count&quot;:0,&quot;last_sync&quot;:null,&quot;created_at&quot;:&quot;2026-03-05T14:18:23.503944+00:00&quot;}">/app/backend/tests/test_product_edit_features.py:111: Could not create test supplier: {"id":"94aee271-6887-402b-8a26-5fe64f0604c0","name":"TEST_Supplier_7b66f6","description":"Test supplier for product edit testing","connection_type":"url","file_url":null,"ftp_schema":"ftp","ftp_host":null,"ftp_user":null,"ftp_port":21,"ftp_path":null,"ftp_paths":[],"ftp_mode":"passive","file_format":"csv","csv_separator":";","csv_enclosure":"\"","csv_line_break":"\\n","csv_header_row":1,"column_mapping":null,"detected_columns":null,"product_count":0,"last_sync":null,"created_at":"2026-03-05T14:18:23.503944+00:00"}</skipped></testcase><testcase classname="backend.tests.test_product_edit_features.TestProductEditFeatures" name="test_update_product_long_description" time="0.000"><skipped type="pytest.skip" message="Could not create test supplier: {&quot;id&quot;:&quot;94aee271-6887-402b-8a26-5fe64f0604c0&quot;,&quot;name&quot;:&quot;TEST_Supplier_7b66f6&quot;,&quot;description&quot;:&quot;Test supplier for product edit testing&quot;,&quot;connection_type&quot;:&quot;url&quot;,&quot;file_url&quot;:null,&quot;ftp_schema&quot;:&quot;ftp&quot;,&quot;ftp_host&quot;:null,&quot;ftp_user&quot;:null,&quot;ftp_port&quot;:21,&quot;ftp_path&quot;:null,&quot;ftp_paths&quot;:[],&quot;ftp_mode&quot;:&quot;passive&quot;,&quot;file_format&quot;:&quot;csv&quot;,&quot;csv_separator&quot;:&quot;;&quot;,&quot;csv_enclosure&quot;:&quot;\&quot;&quot;,&quot;csv_line_break&quot;:&quot;\\n&quot;,&quot;csv_header_row&quot;:1,&quot;column_mapping&quot;:null,&quot;detected_columns&quot;:null,&quot;product_count&quot;:0,&quot;last_sync&quot;:null,&quot;created_at&quot;:&quot;2026-03-05T14:18:23.503944+00:00&quot;}">/app/backend/tests/test_product_edit_features.py:129: Could not create test supplier: {"id":"94aee271-6887-402b-8a26-5fe64f0604c0","name":"TEST_Supplier_7b66f6","description":"Test supplier for product edit testing","connection_type":"url","file_url":null,"ftp_schema":"ftp","ftp_host":null,"ftp_user":null,"ftp_port":21,"ftp_path":null,"ftp_paths":[],"ftp_mode":"passive","file_format":"csv","csv_separator":";","csv_enclosure":"\"","csv_line_break":"\\n","csv_header_row":1,"column_mapping":null,"detected_columns":null,"product_count":0,"last_sync":null,"created_at":"2026-03-05T14:18:23.503944+00:00"}</skipped></testcase><testcase classname="backend.tests.test_product_edit_features.TestProductEditFeatures" name="test_update_product_brand" time="0.000"><skipped type="pytest.skip" message="Could not create test supplier: {&quot;id&quot;:&quot;94aee271-6887-402b-8a26-5fe64f0604c0&quot;,&quot;name&quot;:&quot;TEST_Supplier_7b66f6&quot;,&quot;description&quot;:&quot;Test supplier for product edit testing&quot;,&quot;connection_type&quot;:&quot;url&quot;,&quot;file_url&quot;:null,&quot;ftp_schema&quot;:&quot;ftp&quot;,&quot;ftp_host&quot;:null,&quot;ftp_user&quot;:null,&quot;ftp_port&quot;:21,&quot;ftp_path&quot;:null,&quot;ftp_paths&quot;:[],&quot;ftp_mode&quot;:&quot;passive&quot;,&quot;file_format&quot;:&quot;csv&quot;,&quot;csv_separator&quot;:&quot;;&quot;,&quot;csv_enclosure&quot;:&quot;\&quot;&quot;,&quot;csv_line_break&quot;:&quot;\\n&quot;,&quot;csv_header_row&quot;:1,&quot;column_mapping&quot;:null,&quot;detected_columns&quot;:null,&quot;product_count&quot;:0,&quot;last_sync&quot;:null,&quot;created_at&quot;:&quot;2026-03-05T14:18:23.503944+00:00&quot;}">/app/backend/tests/test_product_edit_features.py:154: Could not create test supplier: {"id":"94aee271-6887-402b-8a26-5fe64f0604c0","name":"TEST_Supplier_7b66f6","description":"Test supplier for product edit testing","connection_type":"url","file_url":null,"ftp_schema":"ftp","ftp_host":null,"ftp_user":null,"ftp_port":21,"ftp_path":null,"ftp_paths":[],"ftp_mode":"passive","file_format":"csv","csv_separator":";","csv_enclosure":"\"","csv_line_break":"\\n","csv_header_row":1,"column_mapping":null,"detected_columns":null,"product_count":0,"last_sync":null,"created_at":"2026-03-05T14:18:23.503944+00:00"}</skipped></testcase><testcase classname="backend.tests.test_product_edit_features.TestProductEditFeatures" name="test_update_product_image_url" time="0.000"><skipped type="pytest.skip" message="Could not create test supplier: {&quot;id&quot;:&quot;94aee271-6887-402b-8a26-5fe64f0604c0&quot;,&quot;name&quot;:&quot;TEST_Supplier_7b66f6&quot;,&quot;description&quot;:&quot;Test supplier for product edit testing&quot;,&quot;connection_type&quot;:&quot;url&quot;,&quot;file_url&quot;:null,&quot;ftp_schema&quot;:&quot;ftp&quot;,&quot;ftp_host&quot;:null,&quot;ftp_user&quot;:null,&quot;ftp_port&quot;:21,&quot;ftp_path&quot;:null,&quot;ftp_paths&quot;:[],&quot;ftp_mode&quot;:&quot;passive&quot;,&quot;file_format&quot;:&quot;csv&quot;,&quot;csv_separator&quot;:&quot;;&quot;,&quot;csv_enclosure&quot;:&quot;\&quot;&quot;,&quot;csv_line_break&quot;:&quot;\\n&quot;,&quot;csv_header_row&quot;:1,&quot;column_mapping&quot;:null,&quot;detected_columns&quot;:null,&quot;product_count&quot;:0,&quot;last_sync&quot;:null,&quot;created_at&quot;:&quot;2026-03-05T14:18:23.503944+00:00&quot;}">/app/backend/tests/test_product_edit_features.py:172: Could not create test supplier: {"id":"94aee271-6887-402b-8a26-5fe64f0604c0","name":"TEST_Supplier_7b66f6","description":"Test supplier for product edit testing","connection_type":"url","file_url":null,"ftp_schema":"ftp","ftp_host":null,"ftp_user":null,"ftp_port":21,"ftp_path":null,"ftp_paths":[],"ftp_mode":"passive","file_format":"csv","csv_separator":";","csv_enclosure":"\"","csv_line_break":"\\n","csv_header_row":1,"column_mapping":null,"detected_columns":null,"product_count":0,"last_sync":null,"created_at":"2026-03-05T14:18:23.503944+00:00"}</skipped></testcase><testcase classname="backend.tests.test_product_edit_features.TestProductEditFeatures" name="test_update_product_gallery_images" time="0.000"><skipped type="pytest.skip" message="Could not create test supplier: {&quot;id&quot;:&quot;94aee271-6887-402b-8a26-5fe64f0604c0&quot;,&quot;name&quot;:&quot;TEST_Supplier_7b66f6&quot;,&quot;description&quot;:&quot;Test supplier for product edit testing&quot;,&quot;connection_type&quot;:&quot;url&quot;,&quot;file_url&quot;:null,&quot;ftp_schema&quot;:&quot;ftp&quot;,&quot;ftp_host&quot;:null,&quot;ftp_user&quot;:null,&quot;ftp_port&quot;:21,&quot;ftp_path&quot;:null,&quot;ftp_paths&quot;:[],&quot;ftp_mode&quot;:&quot;passive&quot;,&quot;file_format&quot;:&quot;csv&quot;,&quot;csv_separator&quot;:&quot;;&quot;,&quot;csv_enclosure&quot;:&quot;\&quot;&quot;,&quot;csv_line_break&quot;:&quot;\\n&quot;,&quot;csv_header_row&quot;:1,&quot;column_mapping&quot;:null,&quot;detected_columns&quot;:null,&quot;product_count&quot;:0,&quot;last_sync&quot;:null,&quot;created_at&quot;:&quot;2026-03-05T14:18:23.503944+00:00&quot;}">/app/backend/tests/test_product_edit_features.py:190: Could not create test supplier: {"id":"94aee271-6887-402b-8a26-5fe64f0604c0","name":"TEST_Supplier_7b66f6","description":"Test supplier for product edit testing","connection_type":"url","file_url":null,"ftp_schema":"ftp","ftp_host":null,"ftp_user":null,"ftp_port":21,"ftp_path":null,"ftp_paths":[],"ftp_mode":"passive","file_format":"csv","csv_separator":";","csv_enclosure":"\"","csv_line_break":"\\n","csv_header_row":1,"column_mapping":null,"detected_columns":null,"product_count":0,"last_sync":null,"created_at":"2026-03-05T14:18:23.503944+00:00"}</skipped></testcase><testcase classname="backend.tests.test_product_edit_features.TestProductEditFeatures" name="test_update_multiple_fields" time="0.000"><skipped type="pytest.skip" message="Could not create test supplier: {&quot;id&quot;:&quot;94aee271-6887-402b-8a26-5fe64f0604c0&quot;,&quot;name&quot;:&quot;TEST_Supplier_7b66f6&quot;,&quot;description&quot;:&quot;Test supplier for product edit testing&quot;,&quot;connection_type&quot;:&quot;url&quot;,&quot;file_url&quot;:null,&quot;ftp_schema&quot;:&quot;ftp&quot;,&quot;ftp_host&quot;:null,&quot;ftp_user&quot;:null,&quot;ftp_port&quot;:21,&quot;ftp_path&quot;:null,&quot;ftp_paths&quot;:[],&quot;ftp_mode&quot;:&quot;passive&quot;,&quot;file_format&quot;:&quot;csv&quot;,&quot;csv_separator&quot;:&quot;;&quot;,&quot;csv_enclosure&quot;:&quot;\&quot;&quot;,&quot;csv_line_break&quot;:&quot;\\n&quot;,&quot;csv_header_row&quot;:1,&quot;column_mapping&quot;:null,&quot;detected_columns&quot;:null,&quot;product_count&quot;:0,&quot;last_sync&quot;:null,&quot;created_at&quot;:&quot;2026-03-05T14:18:23.503944+00:00&quot;}">/app/backend/tests/test_product_edit_features.py:212: Could not create test supplier: {"id":"94aee271-6887-402b-8a26-5fe64f0604c0","name":"TEST_Supplier_7b66f6","description":"Test supplier for product edit testing","connection_type":"url","file_url":null,"ftp_schema":"ftp","ftp_host":null,"ftp_user":null,"ftp_port":21,"ftp_path":null,"ftp_paths":[],"ftp_mode":"passive","file_format":"csv","csv_separator":";","csv_enclosure":"\"","csv_line_break":"\\n","csv_header_row":1,"column_mapping":null,"detected_columns":null,"product_count":0,"last_sync":null,"created_at":"2026-03-05T14:18:23.503944+00:00"}</skipped></testcase><testcase classname="backend.tests.test_product_edit_features.TestProductEditFeatures" name="test_upload_main_image_without_file" time="0.000"><skipped type="pytest.skip" message="Could not create test supplier: {&quot;id&quot;:&quot;94aee271-6887-402b-8a26-5fe64f0604c0&quot;,&quot;name&quot;:&quot;TEST_Supplier_7b66f6&quot;,&quot;description&quot;:&quot;Test supplier for product edit testing&quot;,&quot;connection_type&quot;:&quot;url&quot;,&quot;file_url&quot;:null,&quot;ftp_schema&quot;:&quot;ftp&quot;,&quot;ftp_host&quot;:null,&quot;ftp_user&quot;:null,&quot;ftp_port&quot;:21,&quot;ftp_path&quot;:null,&quot;ftp_paths&quot;:[],&quot;ftp_mode&quot;:&quot;passive&quot;,&quot;file_format&quot;:&quot;csv&quot;,&quot;csv_separator&quot;:&quot;;&quot;,&quot;csv_enclosure&quot;:&quot;\&quot;&quot;,&quot;csv_line_break&quot;:&quot;\\n&quot;,&quot;csv_header_row&quot;:1,&quot;column_mapping&quot;:null,&quot;detected_columns&quot;:null,&quot;product_count&quot;:0,&quot;last_sync&quot;:null,&quot;created_at&quot;:&quot;2026-03-05T14:18:23.503944+00:00&quot;}">/app/backend/tests/test_product_edit_features.py:242: Could not create test supplier: {"id":"94aee271-6887-402b-8a26-5fe64f0604c0","name":"TEST_Supplier_7b66f6","description":"Test supplier for product edit testing","connection_type":"url","file_url":null,"ftp_schema":"ftp","ftp_host":null,"ftp_user":null,"ftp_port":21,"ftp_path":null,"ftp_paths":[],"ftp_mode":"passive","file_format":"csv","csv_separator":";","csv_enclosure":"\"","csv_line_break":"\\n","csv_header_row":1,"column_mapping":null,"detected_columns":null,"product_count":0,"last_sync":null,"created_at":"2026-03-05T14:18:23.503944+00:00"}</skipped></testcase><testcase classname="backend.tests.test_product_edit_features.TestProductEditFeatures" name="test_upload_main_image_invalid_product" time="0.115" /><testcase classname="backend.tests.test_product_edit_features.TestProductEditFeatures" name="test_delete_gallery_image_invalid_product" time="0.042" /><testcase classname="backend.tests.test_product_edit_features.TestProductEditFeatures" name="test_delete_nonexistent_gallery_image" time="0.000"><skipped type="pytest.skip" message="Could not create test supplier: {&quot;id&quot;:&quot;94aee271-6887-402b-8a26-5fe64f0604c0&quot;,&quot;name&quot;:&quot;TEST_Supplier_7b66f6&quot;,&quot;description&quot;:&quot;Test supplier for product edit testing&quot;,&quot;connection_type&quot;:&quot;url&quot;,&quot;file_url&quot;:null,&quot;ftp_schema&quot;:&quot;ftp&quot;,&quot;ftp_host&quot;:null,&quot;ftp_user&quot;:null,&quot;ftp_port&quot;:21,&quot;ftp_path&quot;:null,&quot;ftp_paths&quot;:[],&quot;ftp_mode&quot;:&quot;passive&quot;,&quot;file_format&quot;:&quot;csv&quot;,&quot;csv_separator&quot;:&quot;;&quot;,&quot;csv_enclosure&quot;:&quot;\&quot;&quot;,&quot;csv_line_break&quot;:&quot;\\n&quot;,&quot;csv_header_row&quot;:1,&quot;column_mapping&quot;:null,&quot;detected_columns&quot;:null,&quot;product_count&quot;:0,&quot;last_sync&quot;:null,&quot;created_at&quot;:&quot;2026-03-05T14:18:23.503944+00:00&quot;}">/app/backend/tests/test_product_edit_features.py:292: Could not create test supplier: {"id":"94aee271-6887-402b-8a26-5fe64f0604c0","name":"TEST_Supplier_7b66f6","description":"Test supplier for product edit testing","connection_type":"url","file_url":null,"ftp_schema":"ftp","ftp_host":null,"ftp_user":null,"ftp_port":21,"ftp_path":null,"ftp_paths":[],"ftp_mode":"passive","file_format":"csv","csv_separator":";","csv_enclosure":"\"","csv_line_break":"\\n","csv_header_row":1,"column_mapping":null,"detected_columns":null,"product_count":0,"last_sync":null,"created_at":"2026-03-05T14:18:23.503944+00:00"}</skipped></testcase><testcase classname="backend.tests.test_product_edit_features.TestProductEditFeatures" name="test_get_product_has_new_fields" time="0.000"><skipped type="pytest.skip" message="Could not create test supplier: {&quot;id&quot;:&quot;94aee271-6887-402b-8a26-5fe64f0604c0&quot;,&quot;name&quot;:&quot;TEST_Supplier_7b66f6&quot;,&quot;description&quot;:&quot;Test supplier for product edit testing&quot;,&quot;connection_type&quot;:&quot;url&quot;,&quot;file_url&quot;:null,&quot;ftp_schema&quot;:&quot;ftp&quot;,&quot;ftp_host&quot;:null,&quot;ftp_user&quot;:null,&quot;ftp_port&quot;:21,&quot;ftp_path&quot;:null,&quot;ftp_paths&quot;:[],&quot;ftp_mode&quot;:&quot;passive&quot;,&quot;file_format&quot;:&quot;csv&quot;,&quot;csv_separator&quot;:&quot;;&quot;,&quot;csv_enclosure&quot;:&quot;\&quot;&quot;,&quot;csv_line_break&quot;:&quot;\\n&quot;,&quot;csv_header_row&quot;:1,&quot;column_mapping&quot;:null,&quot;detected_columns&quot;:null,&quot;product_count&quot;:0,&quot;last_sync&quot;:null,&quot;created_at&quot;:&quot;2026-03-05T14:18:23.503944+00:00&quot;}">/app/backend/tests/test_product_edit_features.py:309: Could not create test supplier: {"id":"94aee271-6887-402b-8a26-5fe64f0604c0","name":"TEST_Supplier_7b66f6","description":"Test supplier for product edit testing","connection_type":"url","file_url":null,"ftp_schema":"ftp","ftp_host":null,"ftp_user":null,"ftp_port":21,"ftp_path":null,"ftp_paths":[],"ftp_mode":"passive","file_format":"csv","csv_separator":";","csv_enclosure":"\"","csv_line_break":"\\n","csv_header_row":1,"column_mapping":null,"detected_columns":null,"product_count":0,"last_sync":null,"created_at":"2026-03-05T14:18:23.503944+00:00"}</skipped></testcase><testcase classname="backend.tests.test_product_edit_features.TestProductUpdateWithoutAuth" name="test_update_product_requires_auth" time="0.099" /><testcase classname="backend.tests.test_product_edit_features.TestProductUpdateWithoutAuth" name="test_upload_image_requires_auth" time="0.169" /><testcase classname="backend.tests.test_product_edit_features.TestProductUpdateWithoutAuth" name="test_delete_gallery_image_requires_auth" time="0.109" /></testsuite></testsuites>