<?xml version="1.0" encoding="utf-8"?><testsuites name="pytest tests"><testsuite name="pytest" errors="0" failures="0" skipped="0" tests="18" time="7.370" timestamp="2026-02-19T10:43:24.527212+00:00" hostname="agent-env-1d414400-3169-4ef6-8c8d-706ef0d10406"><testcase classname="backend.tests.test_woocommerce_endpoints.TestWooCommerceEndpoints" name="test_create_woocommerce_config_success" time="1.702" /><testcase classname="backend.tests.test_woocommerce_endpoints.TestWooCommerceEndpoints" name="test_create_woocommerce_config_with_default_name" time="0.211" /><testcase classname="backend.tests.test_woocommerce_endpoints.TestWooCommerceEndpoints" name="test_create_woocommerce_config_missing_fields" time="0.115" /><testcase classname="backend.tests.test_woocommerce_endpoints.TestWooCommerceEndpoints" name="test_create_woocommerce_config_unauthorized" time="0.081" /><testcase classname="backend.tests.test_woocommerce_endpoints.TestWooCommerceEndpoints" name="test_get_woocommerce_configs_list" time="0.308" /><testcase classname="backend.tests.test_woocommerce_endpoints.TestWooCommerceEndpoints" name="test_get_woocommerce_configs_empty" time="0.388" /><testcase classname="backend.tests.test_woocommerce_endpoints.TestWooCommerceEndpoints" name="test_get_woocommerce_config_by_id" time="0.276" /><testcase classname="backend.tests.test_woocommerce_endpoints.TestWooCommerceEndpoints" name="test_get_woocommerce_config_not_found" time="0.099" /><testcase classname="backend.tests.test_woocommerce_endpoints.TestWooCommerceEndpoints" name="test_update_woocommerce_config" time="0.405" /><testcase classname="backend.tests.test_woocommerce_endpoints.TestWooCommerceEndpoints" name="test_update_woocommerce_config_credentials" time="0.249" /><testcase classname="backend.tests.test_woocommerce_endpoints.TestWooCommerceEndpoints" name="test_update_woocommerce_config_not_found" time="0.115" /><testcase classname="backend.tests.test_woocommerce_endpoints.TestWooCommerceEndpoints" name="test_delete_woocommerce_config" time="0.799" /><testcase classname="backend.tests.test_woocommerce_endpoints.TestWooCommerceEndpoints" name="test_delete_woocommerce_config_not_found" time="0.210" /><testcase classname="backend.tests.test_woocommerce_endpoints.TestWooCommerceEndpoints" name="test_woocommerce_connection_test_not_found" time="0.202" /><testcase classname="backend.tests.test_woocommerce_endpoints.TestWooCommerceEndpoints" name="test_woocommerce_connection_test_invalid_credentials" time="0.798" /><testcase classname="backend.tests.test_woocommerce_endpoints.TestWooCommerceEndpoints" name="test_woocommerce_export_config_not_found" time="0.210" /><testcase classname="backend.tests.test_woocommerce_endpoints.TestWooCommerceEndpoints" name="test_woocommerce_export_no_catalog_items" time="0.700" /><testcase classname="backend.tests.test_woocommerce_endpoints.TestWooCommerceEndpoints" name="test_woocommerce_export_unauthorized" time="0.271" /></testsuite></testsuites>