<?xml version="1.0" encoding="utf-8"?><testsuites name="pytest tests"><testsuite name="pytest" errors="0" failures="2" skipped="0" tests="14" time="15.374" timestamp="2026-02-24T12:15:19.138752+00:00" hostname="agent-env-593f06e3-d929-4a71-a0bb-51b98a054b9e"><testcase classname="backend.tests.test_webhooks_platforms.TestWebhookConfigs" name="test_get_webhook_configs" time="1.254" /><testcase classname="backend.tests.test_webhooks_platforms.TestWebhookConfigs" name="test_get_webhook_stats" time="0.508" /><testcase classname="backend.tests.test_webhooks_platforms.TestWebhookConfigs" name="test_create_webhook_config" time="1.217" /><testcase classname="backend.tests.test_webhooks_platforms.TestWebhookConfigs" name="test_create_webhook_invalid_store" time="0.393" /><testcase classname="backend.tests.test_webhooks_platforms.TestWebhookConfigs" name="test_webhook_crud_flow" time="2.886" /><testcase classname="backend.tests.test_webhooks_platforms.TestWebhookEvents" name="test_get_webhook_events" time="0.425" /><testcase classname="backend.tests.test_webhooks_platforms.TestWebhookReceiver" name="test_receive_webhook_invalid_config" time="0.430" /><testcase classname="backend.tests.test_webhooks_platforms.TestWebhookReceiver" name="test_receive_webhook_valid" time="1.230" /><testcase classname="backend.tests.test_webhooks_platforms.TestPlatformIntegrations" name="test_prestashop_store_connection_test" time="1.249" /><testcase classname="backend.tests.test_webhooks_platforms.TestPlatformIntegrations" name="test_shopify_store_connection_test" time="1.457" /><testcase classname="backend.tests.test_webhooks_platforms.TestPlatformIntegrations" name="test_magento_store_connection_test" time="1.233" /><testcase classname="backend.tests.test_webhooks_platforms.TestPlatformIntegrations" name="test_wix_store_connection_test" time="1.831" /><testcase classname="backend.tests.test_webhooks_platforms.TestAuthRequired" name="test_webhook_configs_requires_auth" time="0.380"><failure message="AssertionError: Expected 401, got 403&#10;assert 403 == 401&#10; +  where 403 = &lt;Response [403]&gt;.status_code">backend/tests/test_webhooks_platforms.py:404: in test_webhook_configs_requires_auth
    assert response.status_code == 401, f"Expected 401, got {response.status_code}"
E   AssertionError: Expected 401, got 403
E   assert 403 == 401
E    +  where 403 = &lt;Response [403]&gt;.status_code</failure></testcase><testcase classname="backend.tests.test_webhooks_platforms.TestAuthRequired" name="test_webhook_stats_requires_auth" time="0.787"><failure message="AssertionError: Expected 401, got 403&#10;assert 403 == 401&#10; +  where 403 = &lt;Response [403]&gt;.status_code">backend/tests/test_webhooks_platforms.py:409: in test_webhook_stats_requires_auth
    assert response.status_code == 401, f"Expected 401, got {response.status_code}"
E   AssertionError: Expected 401, got 403
E   assert 403 == 401
E    +  where 403 = &lt;Response [403]&gt;.status_code</failure></testcase></testsuite></testsuites>