<?xml version="1.0" encoding="utf-8"?><testsuites name="pytest tests"><testsuite name="pytest" errors="0" failures="0" skipped="0" tests="24" time="17.887" timestamp="2026-03-04T14:04:49.364327+00:00" hostname="agent-env-858ae9a9-a192-432a-a440-1f417f1cd910"><testcase classname="backend.tests.test_admin_panel.TestAdminAuthentication" name="test_admin_endpoints_require_auth" time="2.320" /><testcase classname="backend.tests.test_admin_panel.TestBrandingEndpoints" name="test_get_branding" time="1.099" /><testcase classname="backend.tests.test_admin_panel.TestBrandingEndpoints" name="test_update_branding" time="0.446" /><testcase classname="backend.tests.test_admin_panel.TestBrandingEndpoints" name="test_update_branding_colors" time="0.415" /><testcase classname="backend.tests.test_admin_panel.TestBrandingEndpoints" name="test_verify_branding_persistence" time="0.438" /><testcase classname="backend.tests.test_admin_panel.TestThemePresets" name="test_get_theme_presets" time="1.087" /><testcase classname="backend.tests.test_admin_panel.TestThemePresets" name="test_apply_theme_preset" time="0.432" /><testcase classname="backend.tests.test_admin_panel.TestThemePresets" name="test_apply_invalid_preset" time="0.420" /><testcase classname="backend.tests.test_admin_panel.TestSubscriptionPlans" name="test_get_plans" time="1.045" /><testcase classname="backend.tests.test_admin_panel.TestSubscriptionPlans" name="test_create_plan" time="0.416" /><testcase classname="backend.tests.test_admin_panel.TestSubscriptionPlans" name="test_update_plan" time="0.412" /><testcase classname="backend.tests.test_admin_panel.TestSubscriptionPlans" name="test_update_nonexistent_plan" time="0.436" /><testcase classname="backend.tests.test_admin_panel.TestSubscriptionPlans" name="test_delete_plan" time="0.836" /><testcase classname="backend.tests.test_admin_panel.TestSubscriptionPlans" name="test_delete_nonexistent_plan" time="0.403" /><testcase classname="backend.tests.test_admin_panel.TestEmailTemplates" name="test_get_email_templates" time="1.050" /><testcase classname="backend.tests.test_admin_panel.TestEmailTemplates" name="test_template_has_required_fields" time="0.454" /><testcase classname="backend.tests.test_admin_panel.TestEmailTemplates" name="test_update_email_template" time="0.840" /><testcase classname="backend.tests.test_admin_panel.TestEmailTemplates" name="test_preview_email_template" time="0.819" /><testcase classname="backend.tests.test_admin_panel.TestEmailTemplates" name="test_create_custom_template" time="0.441" /><testcase classname="backend.tests.test_admin_panel.TestEmailTemplates" name="test_delete_custom_template" time="0.423" /><testcase classname="backend.tests.test_admin_panel.TestEmailTemplates" name="test_cannot_delete_default_templates" time="0.845" /><testcase classname="backend.tests.test_admin_panel.TestEmailTemplates" name="test_reset_default_templates" time="0.399" /><testcase classname="backend.tests.test_admin_panel.TestPublicBranding" name="test_get_public_branding" time="0.403" /><testcase classname="backend.tests.test_admin_panel.TestCleanup" name="test_restore_branding" time="1.912" /></testsuite></testsuites>