<?xml version="1.0" encoding="utf-8"?><testsuites name="pytest tests"><testsuite name="pytest" errors="0" failures="0" skipped="0" tests="9" time="10.413" timestamp="2026-02-24T08:20:22.815042+00:00" hostname="agent-env-3300e4ae-f0ca-44da-a1a8-b1859db91ede"><testcase classname="backend.tests.test_sync_history.TestSyncHistoryEndpoints" name="test_sync_history_list_success" time="1.260" /><testcase classname="backend.tests.test_sync_history.TestSyncHistoryEndpoints" name="test_sync_history_filter_by_status" time="1.361" /><testcase classname="backend.tests.test_sync_history.TestSyncHistoryEndpoints" name="test_sync_history_filter_by_days" time="1.338" /><testcase classname="backend.tests.test_sync_history.TestSyncHistoryEndpoints" name="test_sync_history_stats_success" time="0.978" /><testcase classname="backend.tests.test_sync_history.TestSyncHistoryEndpoints" name="test_sync_history_stats_daily_format" time="0.983" /><testcase classname="backend.tests.test_sync_history.TestSyncHistoryEndpoints" name="test_sync_history_stats_filter_by_days" time="1.355" /><testcase classname="backend.tests.test_sync_history.TestSyncHistoryEndpoints" name="test_sync_history_unauthorized" time="1.001" /><testcase classname="backend.tests.test_sync_history.TestSyncHistoryEndpoints" name="test_sync_history_stats_unauthorized" time="1.076" /><testcase classname="backend.tests.test_sync_history.TestSyncHistoryRecording" name="test_sync_record_contains_supplier_info" time="0.981" /></testsuite></testsuites>