<?xml version="1.0" encoding="utf-8"?><testsuites name="pytest tests"><testsuite name="pytest" errors="0" failures="0" skipped="0" tests="10" time="12.451" timestamp="2026-02-24T11:15:09.958812+00:00" hostname="agent-env-593f06e3-d929-4a71-a0bb-51b98a054b9e"><testcase classname="tests.test_plan_editing.TestSuperAdminPlanEditing" name="test_get_plans_returns_list" time="1.219" /><testcase classname="tests.test_plan_editing.TestSuperAdminPlanEditing" name="test_update_plan_as_superadmin" time="2.018" /><testcase classname="tests.test_plan_editing.TestSuperAdminPlanEditing" name="test_update_plan_rejected_for_non_superadmin" time="1.940" /><testcase classname="tests.test_plan_editing.TestSuperAdminPlanEditing" name="test_update_nonexistent_plan_returns_404" time="1.009" /><testcase classname="tests.test_plan_editing.TestSuperAdminPlanEditing" name="test_update_plan_partial_fields" time="1.785" /><testcase classname="tests.test_plan_editing.TestSuperAdminPlanEditing" name="test_superadmin_user_has_correct_role" time="0.687" /><testcase classname="tests.test_plan_editing.TestSuperAdminPlanEditing" name="test_admin_user_has_correct_role" time="0.633" /><testcase classname="tests.test_plan_editing.TestSubscriptionPlansAPIValidation" name="test_all_plan_names_present" time="1.020" /><testcase classname="tests.test_plan_editing.TestSubscriptionPlansAPIValidation" name="test_free_plan_has_zero_prices" time="1.080" /><testcase classname="tests.test_plan_editing.TestSubscriptionPlansAPIValidation" name="test_enterprise_plan_has_unlimited_limits" time="0.970" /></testsuite></testsuites>