<?xml version="1.0" encoding="utf-8"?><testsuites name="pytest tests"><testsuite name="pytest" errors="0" failures="0" skipped="0" tests="9" time="11.685" timestamp="2026-03-04T16:44:16.707999+00:00" hostname="agent-env-18bc6161-2057-4cbe-b06b-6219e0867b76"><testcase classname="backend.tests.test_stripe_config.TestStripeConfigEndpoints" name="test_get_stripe_config_success" time="1.212" /><testcase classname="backend.tests.test_stripe_config.TestStripeConfigEndpoints" name="test_get_stripe_config_requires_auth" time="1.148" /><testcase classname="backend.tests.test_stripe_config.TestStripeConfigEndpoints" name="test_put_stripe_config_success" time="1.037" /><testcase classname="backend.tests.test_stripe_config.TestStripeConfigEndpoints" name="test_put_stripe_config_partial_update" time="1.011" /><testcase classname="backend.tests.test_stripe_config.TestStripeConfigEndpoints" name="test_put_stripe_config_requires_auth" time="1.076" /><testcase classname="backend.tests.test_stripe_config.TestStripeConfigEndpoints" name="test_post_test_connection_without_secret_key" time="1.409" /><testcase classname="backend.tests.test_stripe_config.TestStripeConfigEndpoints" name="test_post_test_connection_with_invalid_key" time="1.860" /><testcase classname="backend.tests.test_stripe_config.TestStripeConfigEndpoints" name="test_post_test_connection_requires_auth" time="1.086" /><testcase classname="backend.tests.test_stripe_config.TestStripeConfigEndpoints" name="test_config_persistence" time="1.783" /></testsuite></testsuites>