<?xml version="1.0" encoding="utf-8"?><testsuites name="pytest tests"><testsuite name="pytest" errors="0" failures="0" skipped="0" tests="12" time="14.115" timestamp="2026-03-05T09:13:38.071774+00:00" hostname="agent-env-e0156a4a-c340-4428-82ea-207716b32780"><testcase classname="backend.tests.test_stripe_checkout_sftp.TestStripePublicEndpoints" name="test_stripe_config_status_public" time="0.477" /><testcase classname="backend.tests.test_stripe_checkout_sftp.TestStripePublicEndpoints" name="test_stripe_config_status_has_live_mode" time="0.434" /><testcase classname="backend.tests.test_stripe_checkout_sftp.TestStripeCheckoutEndpoints" name="test_create_checkout_requires_auth" time="1.105" /><testcase classname="backend.tests.test_stripe_checkout_sftp.TestStripeCheckoutEndpoints" name="test_create_checkout_returns_404_for_invalid_plan" time="1.128" /><testcase classname="backend.tests.test_stripe_checkout_sftp.TestStripeCheckoutEndpoints" name="test_create_checkout_success" time="1.808" /><testcase classname="backend.tests.test_stripe_checkout_sftp.TestStripeCheckoutEndpoints" name="test_create_checkout_yearly_billing" time="1.851" /><testcase classname="backend.tests.test_stripe_checkout_sftp.TestStripeCheckoutEndpoints" name="test_get_stripe_plans" time="1.022" /><testcase classname="backend.tests.test_stripe_checkout_sftp.TestSFTPSupport" name="test_ftp_test_sftp_protocol" time="1.412" /><testcase classname="backend.tests.test_stripe_checkout_sftp.TestSFTPSupport" name="test_ftp_test_sftp_bad_credentials" time="1.218" /><testcase classname="backend.tests.test_stripe_checkout_sftp.TestSFTPSupport" name="test_ftp_test_regular_ftp" time="1.188" /><testcase classname="backend.tests.test_stripe_checkout_sftp.TestSFTPSupport" name="test_ftp_browse_supports_sftp_schema" time="1.360" /><testcase classname="backend.tests.test_stripe_checkout_sftp.TestMySubscription" name="test_get_my_subscription" time="1.033" /></testsuite></testsuites>