<?xml version="1.0" encoding="utf-8"?><testsuites name="pytest tests"><testsuite name="pytest" errors="0" failures="0" skipped="0" tests="13" time="20.571" timestamp="2026-03-04T13:21:50.083845+00:00" hostname="agent-env-858ae9a9-a192-432a-a440-1f417f1cd910"><testcase classname="backend.tests.test_category_export_reorder.TestCategoryExportEndpoint" name="test_export_categories_endpoint_exists" time="5.178" /><testcase classname="backend.tests.test_category_export_reorder.TestCategoryExportEndpoint" name="test_export_categories_without_catalog_id" time="0.428" /><testcase classname="backend.tests.test_category_export_reorder.TestCategoryExportEndpoint" name="test_export_categories_invalid_store" time="0.539" /><testcase classname="backend.tests.test_category_export_reorder.TestCategoryExportEndpoint" name="test_export_categories_invalid_catalog" time="0.393" /><testcase classname="backend.tests.test_category_export_reorder.TestCategoryReorderEndpoint" name="test_reorder_categories_success" time="2.223" /><testcase classname="backend.tests.test_category_export_reorder.TestCategoryReorderEndpoint" name="test_reorder_with_parent_change" time="1.892" /><testcase classname="backend.tests.test_category_export_reorder.TestCategoryReorderEndpoint" name="test_reorder_prevents_exceeding_max_depth" time="3.391" /><testcase classname="backend.tests.test_category_export_reorder.TestCategoryReorderEndpoint" name="test_reorder_invalid_catalog" time="0.406" /><testcase classname="backend.tests.test_category_export_reorder.TestCategoriesEndpoints" name="test_get_categories_tree" time="1.451" /><testcase classname="backend.tests.test_category_export_reorder.TestCategoriesEndpoints" name="test_get_categories_flat" time="0.472" /><testcase classname="backend.tests.test_category_export_reorder.TestCategoriesEndpoints" name="test_create_category_with_position" time="0.822" /><testcase classname="backend.tests.test_category_export_reorder.TestStoresEndpoints" name="test_get_stores" time="1.085" /><testcase classname="backend.tests.test_category_export_reorder.TestCleanup" name="test_cleanup_test_categories" time="2.207" /></testsuite></testsuites>