<?xml version="1.0" encoding="utf-8"?><testsuites name="pytest tests"><testsuite name="pytest" errors="0" failures="0" skipped="0" tests="39" time="39.304" timestamp="2026-02-20T09:58:16.968248+00:00" hostname="agent-env-655ad59e-0151-4592-8d83-4fab005a6ad1"><testcase classname="tests.test_refactored_api.TestHealthEndpoint" name="test_health_endpoint" time="0.608" /><testcase classname="tests.test_refactored_api.TestAuthEndpoints" name="test_register_new_user" time="0.713" /><testcase classname="tests.test_refactored_api.TestAuthEndpoints" name="test_login_existing_user" time="0.685" /><testcase classname="tests.test_refactored_api.TestAuthEndpoints" name="test_login_invalid_credentials" time="0.552" /><testcase classname="tests.test_refactored_api.TestAuthEndpoints" name="test_register_duplicate_email" time="0.423" /><testcase classname="tests.test_refactored_api.TestAuthenticatedEndpoints" name="test_get_me" time="1.059" /><testcase classname="tests.test_refactored_api.TestDashboardEndpoints" name="test_dashboard_stats" time="1.132" /><testcase classname="tests.test_refactored_api.TestDashboardEndpoints" name="test_dashboard_sync_status" time="1.140" /><testcase classname="tests.test_refactored_api.TestDashboardEndpoints" name="test_stock_alerts" time="1.143" /><testcase classname="tests.test_refactored_api.TestCatalogsEndpoints" name="test_01_get_catalogs_list" time="1.119" /><testcase classname="tests.test_refactored_api.TestCatalogsEndpoints" name="test_02_create_catalog" time="1.162" /><testcase classname="tests.test_refactored_api.TestCatalogsEndpoints" name="test_03_get_catalog_by_id" time="1.139" /><testcase classname="tests.test_refactored_api.TestCatalogsEndpoints" name="test_04_catalog_margin_rules_create" time="1.078" /><testcase classname="tests.test_refactored_api.TestCatalogsEndpoints" name="test_05_catalog_margin_rules_list" time="1.086" /><testcase classname="tests.test_refactored_api.TestCatalogsEndpoints" name="test_06_catalog_margin_rules_delete" time="1.111" /><testcase classname="tests.test_refactored_api.TestCatalogsEndpoints" name="test_07_delete_catalog" time="1.107" /><testcase classname="tests.test_refactored_api.TestCatalogsEndpoints" name="test_08_catalog_not_found" time="1.121" /><testcase classname="tests.test_refactored_api.TestCatalogsEndpoints" name="test_09_create_catalog_validation" time="1.157" /><testcase classname="tests.test_refactored_api.TestWooCommerceEndpoints" name="test_01_get_woocommerce_configs" time="1.227" /><testcase classname="tests.test_refactored_api.TestWooCommerceEndpoints" name="test_02_create_woocommerce_config" time="1.131" /><testcase classname="tests.test_refactored_api.TestWooCommerceEndpoints" name="test_03_get_woocommerce_config_by_id" time="1.117" /><testcase classname="tests.test_refactored_api.TestWooCommerceEndpoints" name="test_04_sync_without_catalog" time="1.128" /><testcase classname="tests.test_refactored_api.TestWooCommerceEndpoints" name="test_05_update_woocommerce_config" time="1.280" /><testcase classname="tests.test_refactored_api.TestWooCommerceEndpoints" name="test_06_delete_woocommerce_config" time="1.106" /><testcase classname="tests.test_refactored_api.TestNotificationsEndpoints" name="test_get_notifications" time="1.146" /><testcase classname="tests.test_refactored_api.TestNotificationsEndpoints" name="test_get_unread_notifications" time="1.108" /><testcase classname="tests.test_refactored_api.TestNotificationsEndpoints" name="test_mark_all_read" time="1.174" /><testcase classname="tests.test_refactored_api.TestSuppliersEndpoints" name="test_01_get_suppliers" time="1.074" /><testcase classname="tests.test_refactored_api.TestSuppliersEndpoints" name="test_02_create_supplier" time="1.089" /><testcase classname="tests.test_refactored_api.TestSuppliersEndpoints" name="test_03_get_supplier_by_id" time="1.111" /><testcase classname="tests.test_refactored_api.TestSuppliersEndpoints" name="test_04_update_supplier" time="1.113" /><testcase classname="tests.test_refactored_api.TestSuppliersEndpoints" name="test_05_delete_supplier" time="1.104" /><testcase classname="tests.test_refactored_api.TestProductsEndpoints" name="test_get_products" time="1.100" /><testcase classname="tests.test_refactored_api.TestProductsEndpoints" name="test_get_categories" time="1.097" /><testcase classname="tests.test_refactored_api.TestProductsEndpoints" name="test_get_unified_products" time="1.111" /><testcase classname="tests.test_refactored_api.TestPriceHistory" name="test_get_price_history" time="1.118" /><testcase classname="tests.test_refactored_api.TestUnauthorizedAccess" name="test_dashboard_without_auth" time="0.410" /><testcase classname="tests.test_refactored_api.TestUnauthorizedAccess" name="test_catalogs_without_auth" time="0.423" /><testcase classname="tests.test_refactored_api.TestUnauthorizedAccess" name="test_suppliers_without_auth" time="0.424" /></testsuite></testsuites>