<?xml version="1.0" encoding="utf-8"?><testsuites name="pytest tests"><testsuite name="pytest" errors="0" failures="2" skipped="0" tests="20" time="33.997" timestamp="2026-02-24T09:44:25.429982+00:00" hostname="agent-env-3300e4ae-f0ca-44da-a1a8-b1859db91ede"><testcase classname="backend.tests.test_roles_users_websocket.TestAuthPermissions" name="test_get_permissions_without_auth_returns_401" time="0.570" /><testcase classname="backend.tests.test_roles_users_websocket.TestAuthPermissions" name="test_get_permissions_as_admin" time="1.157" /><testcase classname="backend.tests.test_roles_users_websocket.TestUserManagementAdminEndpoints" name="test_list_users_without_auth_returns_401" time="0.385" /><testcase classname="backend.tests.test_roles_users_websocket.TestUserManagementAdminEndpoints" name="test_list_users_as_admin" time="1.035" /><testcase classname="backend.tests.test_roles_users_websocket.TestUserManagementAdminEndpoints" name="test_list_users_as_non_admin_returns_403" time="2.017" /><testcase classname="backend.tests.test_roles_users_websocket.TestUserManagementAdminEndpoints" name="test_update_user_role_as_admin" time="2.878" /><testcase classname="backend.tests.test_roles_users_websocket.TestUserManagementAdminEndpoints" name="test_update_user_role_invalid_role_returns_400" time="2.000" /><testcase classname="backend.tests.test_roles_users_websocket.TestUserManagementAdminEndpoints" name="test_admin_cannot_demote_self" time="1.786" /><testcase classname="backend.tests.test_roles_users_websocket.TestUserManagementAdminEndpoints" name="test_update_role_as_non_admin_returns_403" time="2.388" /><testcase classname="backend.tests.test_roles_users_websocket.TestUserManagementAdminEndpoints" name="test_delete_user_as_admin" time="2.060" /><testcase classname="backend.tests.test_roles_users_websocket.TestUserManagementAdminEndpoints" name="test_delete_nonexistent_user_returns_404" time="1.029" /><testcase classname="backend.tests.test_roles_users_websocket.TestUserManagementAdminEndpoints" name="test_admin_cannot_delete_self" time="1.785" /><testcase classname="backend.tests.test_roles_users_websocket.TestUserManagementAdminEndpoints" name="test_delete_user_as_non_admin_returns_403" time="2.479" /><testcase classname="backend.tests.test_roles_users_websocket.TestViewerRolePermissions" name="test_viewer_permissions_endpoint" time="3.048" /><testcase classname="backend.tests.test_roles_users_websocket.TestViewerRolePermissions" name="test_viewer_can_read_suppliers" time="3.067" /><testcase classname="backend.tests.test_roles_users_websocket.TestViewerRolePermissions" name="test_viewer_can_read_products" time="3.033" /><testcase classname="backend.tests.test_roles_users_websocket.TestWebSocketNotifications" name="test_websocket_connection" time="0.600"><failure message="Failed: async def functions are not natively supported.&#10;You need to install a suitable plugin for your async framework, for example:&#10;  - anyio&#10;  - pytest-asyncio&#10;  - pytest-tornasync&#10;  - pytest-trio&#10;  - pytest-twisted">async def functions are not natively supported.
You need to install a suitable plugin for your async framework, for example:
  - anyio
  - pytest-asyncio
  - pytest-tornasync
  - pytest-trio
  - pytest-twisted</failure></testcase><testcase classname="backend.tests.test_roles_users_websocket.TestWebSocketNotifications" name="test_websocket_with_invalid_user_id" time="0.000"><failure message="Failed: async def functions are not natively supported.&#10;You need to install a suitable plugin for your async framework, for example:&#10;  - anyio&#10;  - pytest-asyncio&#10;  - pytest-tornasync&#10;  - pytest-trio&#10;  - pytest-twisted">async def functions are not natively supported.
You need to install a suitable plugin for your async framework, for example:
  - anyio
  - pytest-asyncio
  - pytest-tornasync
  - pytest-trio
  - pytest-twisted</failure></testcase><testcase classname="backend.tests.test_roles_users_websocket.TestPreviewFileWithMappingSuggestions" name="test_preview_file_endpoint_exists" time="1.565" /><testcase classname="backend.tests.test_roles_users_websocket.TestPreviewFileWithMappingSuggestions" name="test_preview_file_nonexistent_supplier_returns_404" time="1.031" /></testsuite></testsuites>